#
# A fatal error has been detected by the Java Runtime Environment:
#
#  EXCEPTION_ACCESS_VIOLATION (0xc0000005) at pc=0x00000000699c19a7, pid=6168, tid=2460
#
# JRE version: Java(TM) SE Runtime Environment (8.0_73-b02) (build 1.8.0_73-b02)
# Java VM: Java HotSpot(TM) 64-Bit Server VM (25.73-b02 mixed mode windows-amd64 compressed oops)
# Problematic frame:
# V  [jvm.dll+0x2119a7]
#
# Failed to write core dump. Minidumps are not enabled by default on client versions of Windows
#
# If you would like to submit a bug report, please visit:
#   http://bugreport.java.com/bugreport/crash.jsp
#

---------------  T H R E A D  ---------------

Current thread (0x0000000057382000):  JavaThread "Run command 'C:\Program Files\Java\jdk1.8.0_73\bin\java.exe'" [_thread_in_vm, id=2460, stack(0x0000000064c50000,0x0000000064d50000)]

siginfo: ExceptionCode=0xc0000005, writing address 0x0000000064d475c0

Registers:
RAX=0x0000000064d475c0, RBX=0x0000000000000007, RCX=0x0000000000006000, RDX=0x000000000000000b
RSP=0x0000000064d4d5c0, RBP=0x0000000000000000, RSI=0x0000000064d4d5c0, RDI=0x0000000000000007
R8 =0x000000000000000b, R9 =0x000000006047d770, R10=0x00000000547ebd88, R11=0x0000000064c5a158
R12=0x000000006047d770, R13=0x0000000057382000, R14=0x0000000064d4d688, R15=0x00000000547ebd88
RIP=0x00000000699c19a7, EFLAGS=0x0000000000010206

Top of Stack: (sp=0x0000000064d4d5c0)
0x0000000064d4d5c0:   000000006047d770 00000000145bcb60
0x0000000064d4d5d0:   0000000057382000 000000006047d770
0x0000000064d4d5e0:   00000000ffffffff 00000000699c28d7
0x0000000064d4d5f0:   0000000064d4d6f0 00000000547ebd88
0x0000000064d4d600:   0000000057382000 0000000000000001
0x0000000064d4d610:   000000005ce8f9c0 000007fffff60000
0x0000000064d4d620:   0000000000000000 00000000021c00b8
0x0000000064d4d630:   00000000547ebd88 0000000057382000
0x0000000064d4d640:   00000000025910c0 0000000000000000
0x0000000064d4d650:   0000000000000030 0000000000000007
0x0000000064d4d660:   0000000064d4db30 0000000000000000
0x0000000064d4d670:   0000000000000000 00000000547ebd88
0x0000000064d4d680:   0000000057382000 000000005bee7210
0x0000000064d4d690:   000000005ce8f9b0 0000000000000e01
0x0000000064d4d6a0:   0000000064d4d8b8 00000000021c00b8
0x0000000064d4d6b0:   000000005ce8f9c0 00000000697d534e 

Instructions: (pc=0x00000000699c19a7)
0x00000000699c1987:   48 89 6c 24 30 33 ed 66 90 e8 5b 37 08 00 ff c3
0x00000000699c1997:   48 63 c8 48 8b c6 48 0f af cf 48 ff c7 48 2b c1
0x00000000699c19a7:   89 28 48 63 c3 48 3b 05 dd ac 58 00 7e db 48 8b
0x00000000699c19b7:   6c 24 30 48 8b 5c 24 38 48 8b 74 24 40 48 83 c4 


Register to memory mapping:

RAX=0x0000000064d475c0 is pointing into the stack for thread: 0x0000000057382000
RBX=0x0000000000000007 is an unknown value
RCX=0x0000000000006000 is an unknown value
RDX=0x000000000000000b is an unknown value
RSP=0x0000000064d4d5c0 is pointing into the stack for thread: 0x0000000057382000
RBP=0x0000000000000000 is an unknown value
RSI=0x0000000064d4d5c0 is pointing into the stack for thread: 0x0000000057382000
RDI=0x0000000000000007 is an unknown value
R8 =0x000000000000000b is an unknown value
R9 =0x000000006047d770 is an unknown value
R10={method} {0x00000000547ebd90} '<init>' '(Ljava/lang/String;)V' in 'java/io/IOException'
R11=0x0000000064c5a158 is pointing into the stack for thread: 0x0000000057382000
R12=0x000000006047d770 is an unknown value
R13=0x0000000057382000 is a thread
R14=0x0000000064d4d688 is pointing into the stack for thread: 0x0000000057382000
R15={method} {0x00000000547ebd90} '<init>' '(Ljava/lang/String;)V' in 'java/io/IOException'


Stack: [0x0000000064c50000,0x0000000064d50000],  sp=0x0000000064d4d5c0,  free space=1013k
Native frames: (J=compiled Java code, j=interpreted, Vv=VM code, C=native code)

Java frames: (J=compiled Java code, j=interpreted, Vv=VM code)
J 27030  java.lang.ProcessImpl.create(Ljava/lang/String;Ljava/lang/String;Ljava/lang/String;[JZ)J (0 bytes) @ 0x000000000308e620 [0x000000000308e580+0xa0]
J 27028 C1 java.lang.ProcessImpl.<init>([Ljava/lang/String;Ljava/lang/String;Ljava/lang/String;[JZ)V (254 bytes) @ 0x0000000005e58a74 [0x0000000005e562c0+0x27b4]
J 24811 C1 java.lang.ProcessImpl.start([Ljava/lang/String;Ljava/util/Map;Ljava/lang/String;[Ljava/lang/ProcessBuilder$Redirect;Z)Ljava/lang/Process; (501 bytes) @ 0x0000000006824194 [0x0000000006822d40+0x1454]
J 22507 C1 java.lang.ProcessBuilder.start()Ljava/lang/Process; (303 bytes) @ 0x00000000063f11dc [0x00000000063f06a0+0xb3c]
J 25451 C1 net.rubygrapefruit.platform.internal.DefaultProcessLauncher.start(Ljava/lang/ProcessBuilder;)Ljava/lang/Process; (37 bytes) @ 0x0000000003965864 [0x0000000003965760+0x104]
J 25450 C1 net.rubygrapefruit.platform.internal.WindowsProcessLauncher.start(Ljava/lang/ProcessBuilder;)Ljava/lang/Process; (144 bytes) @ 0x0000000006aacef4 [0x0000000006aac080+0xe74]
J 25449 C1 net.rubygrapefruit.platform.internal.WrapperProcessLauncher.start(Ljava/lang/ProcessBuilder;)Ljava/lang/Process; (25 bytes) @ 0x00000000047871c4 [0x0000000004787000+0x1c4]
J 25445 C1 org.gradle.process.internal.ExecHandleRunner.run()V (133 bytes) @ 0x0000000006aa6d14 [0x0000000006aa6bc0+0x154]
J 21090 C1 org.gradle.internal.concurrent.ExecutorPolicy$CatchAndRecordFailures.onExecute(Ljava/lang/Runnable;)V (45 bytes) @ 0x0000000005de4894 [0x0000000005de4780+0x114]
J 16469 C1 org.gradle.internal.concurrent.StoppableExecutorImpl$1.run()V (59 bytes) @ 0x00000000052c2b34 [0x00000000052c2720+0x414]
J 20901 C1 java.util.concurrent.ThreadPoolExecutor.runWorker(Ljava/util/concurrent/ThreadPoolExecutor$Worker;)V (225 bytes) @ 0x0000000005da045c [0x0000000005d9f4e0+0xf7c]
J 16507 C1 java.util.concurrent.ThreadPoolExecutor$Worker.run()V (9 bytes) @ 0x00000000039009c4 [0x00000000039008c0+0x104]
J 16098 C1 java.lang.Thread.run()V (17 bytes) @ 0x000000000517593c [0x0000000005175800+0x13c]
v  ~StubRoutines::call_stub

---------------  P R O C E S S  ---------------

Java Threads: ( => current thread )
=>0x0000000057382000 JavaThread "Run command 'C:\Program Files\Java\jdk1.8.0_73\bin\java.exe'" [_thread_in_vm, id=2460, stack(0x0000000064c50000,0x0000000064d50000)]
  0x000000005c773000 JavaThread "Forward streams with process: command 'C:\Program Files\Java\jdk1.8.0_73\bin\java.exe' Thread 3" [_thread_in_native, id=9832, stack(0x0000000065460000,0x0000000065560000)]
  0x000000005c77a000 JavaThread "Forward streams with process: command 'C:\Program Files\Java\jdk1.8.0_73\bin\java.exe' Thread 2" [_thread_in_native, id=5592, stack(0x0000000065250000,0x0000000065350000)]
  0x000000005c778800 JavaThread "Forward streams with process: command 'C:\Program Files\Java\jdk1.8.0_73\bin\java.exe'" [_thread_blocked, id=10940, stack(0x0000000060c20000,0x0000000060d20000)]
  0x000000005755d800 JavaThread "Run command 'C:\Program Files\Java\jdk1.8.0_73\bin\java.exe'" [_thread_in_native, id=9420, stack(0x0000000065120000,0x0000000065220000)]
  0x000000005d53e000 JavaThread "Forward streams with process: command 'C:\Program Files\Java\jdk1.8.0_73\bin\java.exe' Thread 3" [_thread_in_native, id=9960, stack(0x0000000064fe0000,0x00000000650e0000)]
  0x000000005d53d800 JavaThread "Forward streams with process: command 'C:\Program Files\Java\jdk1.8.0_73\bin\java.exe' Thread 2" [_thread_in_native, id=7468, stack(0x0000000064de0000,0x0000000064ee0000)]
  0x000000005d53c800 JavaThread "Forward streams with process: command 'C:\Program Files\Java\jdk1.8.0_73\bin\java.exe'" [_thread_blocked, id=1872, stack(0x0000000064520000,0x0000000064620000)]
  0x000000005d53c000 JavaThread "Forward streams with process: command 'C:\Program Files\Java\jdk1.8.0_73\bin\java.exe' Thread 3" [_thread_in_native, id=7016, stack(0x00000000646a0000,0x00000000647a0000)]
  0x000000005755c000 JavaThread "Forward streams with process: command 'C:\Program Files\Java\jdk1.8.0_73\bin\java.exe' Thread 2" [_thread_in_native, id=9560, stack(0x0000000063890000,0x0000000063990000)]
  0x000000005755d000 JavaThread "Forward streams with process: command 'C:\Program Files\Java\jdk1.8.0_73\bin\java.exe'" [_thread_blocked, id=5676, stack(0x0000000064400000,0x0000000064500000)]
  0x000000005755e800 JavaThread "Run command 'C:\Program Files\Java\jdk1.8.0_73\bin\java.exe'" [_thread_in_native, id=9684, stack(0x0000000064220000,0x0000000064320000)]
  0x000000005bdae800 JavaThread "Run command 'C:\Program Files\Java\jdk1.8.0_73\bin\java.exe'" [_thread_in_native, id=8788, stack(0x0000000064020000,0x0000000064120000)]
  0x000000005868a000 JavaThread "pool-120-thread-4" [_thread_blocked, id=8772, stack(0x000000005b110000,0x000000005b210000)]
  0x000000005bd56000 JavaThread "pool-120-thread-3" [_thread_blocked, id=7692, stack(0x0000000061d40000,0x0000000061e40000)]
  0x000000005bd56800 JavaThread "pool-120-thread-2" [_thread_blocked, id=10936, stack(0x0000000063e90000,0x0000000063f90000)]
  0x000000005bd55000 JavaThread "pool-120-thread-1" [_thread_blocked, id=10820, stack(0x0000000063d90000,0x0000000063e90000)]
  0x000000005bd57800 JavaThread "Stdin handler" [_thread_blocked, id=6552, stack(0x000000005d7c0000,0x000000005d8c0000)]
  0x000000005d4bc000 JavaThread "Cancel handler" [_thread_blocked, id=8980, stack(0x0000000058f70000,0x0000000059070000)]
  0x000000005d4bb800 JavaThread "Handler for socket connection from /127.0.0.1:49557 to /127.0.0.1:64398" [_thread_in_native, id=11080, stack(0x000000005c220000,0x000000005c320000)]
  0x000000005755b800 JavaThread "Daemon worker Thread 85" [_thread_blocked, id=10828, stack(0x00000000617a0000,0x00000000618a0000)]
  0x0000000057381800 JavaThread "Daemon Thread 85" [_thread_blocked, id=7092, stack(0x0000000058dd0000,0x0000000058ed0000)]
  0x000000005e615000 JavaThread "Java2D Disposer" daemon [_thread_blocked, id=9112, stack(0x0000000064b00000,0x0000000064c00000)]
  0x00000000583e5800 JavaThread "File lock request listener" [_thread_in_native, id=3784, stack(0x000000005a960000,0x000000005aa60000)]
  0x0000000057b49800 JavaThread "Incoming local TCP Connector on port 49557" [_thread_in_native, id=6256, stack(0x00000000588b0000,0x00000000589b0000)]
  0x00000000562b4800 JavaThread "Service Thread" daemon [_thread_blocked, id=6724, stack(0x0000000056900000,0x0000000056a00000)]
  0x00000000562a8000 JavaThread "C1 CompilerThread2" daemon [_thread_blocked, id=6740, stack(0x0000000056e20000,0x0000000056f20000)]
  0x00000000562a7000 JavaThread "C2 CompilerThread1" daemon [_thread_blocked, id=6712, stack(0x0000000056be0000,0x0000000056ce0000)]
  0x000000005629a800 JavaThread "C2 CompilerThread0" daemon [_thread_blocked, id=6716, stack(0x0000000056070000,0x0000000056170000)]
  0x0000000054f5f800 JavaThread "Attach Listener" daemon [_thread_blocked, id=6720, stack(0x0000000056a10000,0x0000000056b10000)]
  0x0000000054f5e000 JavaThread "Signal Dispatcher" daemon [_thread_blocked, id=6776, stack(0x00000000567f0000,0x00000000568f0000)]
  0x0000000054f08000 JavaThread "Finalizer" daemon [_thread_blocked, id=4948, stack(0x0000000056190000,0x0000000056290000)]
  0x0000000054f01000 JavaThread "Reference Handler" daemon [_thread_blocked, id=4992, stack(0x0000000055f50000,0x0000000056050000)]
  0x000000000224f800 JavaThread "main" [_thread_blocked, id=6800, stack(0x0000000002480000,0x0000000002580000)]

Other Threads:
  0x0000000054efb800 VMThread [stack: 0x0000000055e30000,0x0000000055f30000] [id=4120]
  0x0000000056340000 WatcherThread [stack: 0x0000000056fb0000,0x00000000570b0000] [id=6956]

VM state:not at safepoint (normal execution)

VM Mutex/Monitor currently owned by a thread: None

Heap:
 PSYoungGen      total 77312K, used 50993K [0x00000000eab00000, 0x00000000f0e00000, 0x0000000100000000)
  eden space 54272K, 90% used [0x00000000eab00000,0x00000000edae4560,0x00000000ee000000)
  from space 23040K, 8% used [0x00000000ef780000,0x00000000ef968000,0x00000000f0e00000)
  to   space 23552K, 0% used [0x00000000ee000000,0x00000000ee000000,0x00000000ef700000)
 ParOldGen       total 92672K, used 52530K [0x00000000c0000000, 0x00000000c5a80000, 0x00000000eab00000)
  object space 92672K, 56% used [0x00000000c0000000,0x00000000c334cae8,0x00000000c5a80000)
 Metaspace       used 72274K, capacity 85684K, committed 86144K, reserved 1124352K
  class space    used 9270K, capacity 10031K, committed 10368K, reserved 1048576K

Card table byte_map: [0x0000000011940000,0x0000000011b50000] byte_map_base: 0x0000000011340000

Marking Bits: (ParMarkBitMap*) 0x0000000069fc0600
 Begin Bits: [0x0000000012370000, 0x0000000013370000)
 End Bits:   [0x0000000013370000, 0x0000000014370000)

Polling page: 0x0000000000210000

CodeCache: size=245760Kb used=78218Kb max_used=78277Kb free=167541Kb
 bounds [0x0000000002580000, 0x0000000007290000, 0x0000000011580000]
 total_blobs=19805 nmethods=18951 adapters=764
 compilation: enabled

Compilation events (10 events):
Event: 27065.512 Thread 0x000000005629a800 nmethod 27618 0x0000000006421cd0 code [0x0000000006421e40, 0x0000000006422008]
Event: 27065.513 Thread 0x000000005629a800 27619       4       org.gradle.api.internal.AbstractTask$8::isSatisfiedBy (9 bytes)
Event: 27065.513 Thread 0x00000000562a8000 27620       3       org.gradle.api.internal.changedetection.changes.DefaultTaskArtifactStateRepository$TaskArtifactStateImpl::<init> (20 bytes)
Event: 27065.513 Thread 0x00000000562a8000 nmethod 27620 0x00000000070e7910 code [0x00000000070e7a60, 0x00000000070e7c50]
Event: 27065.514 Thread 0x000000005629a800 nmethod 27619 0x00000000026cacd0 code [0x00000000026cae20, 0x00000000026caf18]
Event: 27065.533 Thread 0x00000000562a7000 nmethod 27617 0x000000000478ed10 code [0x000000000478ef80, 0x000000000478fef0]
Event: 27065.972 Thread 0x000000005629a800 27621       4       org.gradle.util.Clock::reset (14 bytes)
Event: 27065.973 Thread 0x000000005629a800 nmethod 27621 0x000000000389fc50 code [0x000000000389fda0, 0x000000000389fe38]
Event: 27067.805 Thread 0x00000000562a8000 27622       3       com.google.common.hash.HashCode$BytesHashCode::asBytes (11 bytes)
Event: 27067.806 Thread 0x00000000562a8000 nmethod 27622 0x0000000004acd010 code [0x0000000004acd180, 0x0000000004acd488]

GC Heap History (10 events):
Event: 27056.772 GC heap before
{Heap before GC invocations=367 (full 78):
 PSYoungGen      total 73728K, used 62404K [0x00000000eab00000, 0x00000000f0900000, 0x0000000100000000)
  eden space 56320K, 100% used [0x00000000eab00000,0x00000000ee200000,0x00000000ee200000)
  from space 17408K, 34% used [0x00000000ef800000,0x00000000efdf1318,0x00000000f0900000)
  to   space 19968K, 0% used [0x00000000ee200000,0x00000000ee200000,0x00000000ef580000)
 ParOldGen       total 92672K, used 50337K [0x00000000c0000000, 0x00000000c5a80000, 0x00000000eab00000)
  object space 92672K, 54% used [0x00000000c0000000,0x00000000c31286d0,0x00000000c5a80000)
 Metaspace       used 72174K, capacity 85484K, committed 86144K, reserved 1124352K
  class space    used 9253K, capacity 10006K, committed 10368K, reserved 1048576K
Event: 27056.781 GC heap after
Heap after GC invocations=367 (full 78):
 PSYoungGen      total 61440K, used 6087K [0x00000000eab00000, 0x00000000f0600000, 0x0000000100000000)
  eden space 55296K, 0% used [0x00000000eab00000,0x00000000eab00000,0x00000000ee100000)
  from space 6144K, 99% used [0x00000000ee200000,0x00000000ee7f1f00,0x00000000ee800000)
  to   space 18944K, 0% used [0x00000000ef380000,0x00000000ef380000,0x00000000f0600000)
 ParOldGen       total 92672K, used 50345K [0x00000000c0000000, 0x00000000c5a80000, 0x00000000eab00000)
  object space 92672K, 54% used [0x00000000c0000000,0x00000000c312a6d0,0x00000000c5a80000)
 Metaspace       used 72174K, capacity 85484K, committed 86144K, reserved 1124352K
  class space    used 9253K, capacity 10006K, committed 10368K, reserved 1048576K
}
Event: 27057.457 GC heap before
{Heap before GC invocations=368 (full 78):
 PSYoungGen      total 61440K, used 61383K [0x00000000eab00000, 0x00000000f0600000, 0x0000000100000000)
  eden space 55296K, 100% used [0x00000000eab00000,0x00000000ee100000,0x00000000ee100000)
  from space 6144K, 99% used [0x00000000ee200000,0x00000000ee7f1f00,0x00000000ee800000)
  to   space 18944K, 0% used [0x00000000ef380000,0x00000000ef380000,0x00000000f0600000)
 ParOldGen       total 92672K, used 50345K [0x00000000c0000000, 0x00000000c5a80000, 0x00000000eab00000)
  object space 92672K, 54% used [0x00000000c0000000,0x00000000c312a6d0,0x00000000c5a80000)
 Metaspace       used 72174K, capacity 85484K, committed 86144K, reserved 1124352K
  class space    used 9253K, capacity 10006K, committed 10368K, reserved 1048576K
Event: 27057.475 GC heap after
Heap after GC invocations=368 (full 78):
 PSYoungGen      total 70144K, used 18918K [0x00000000eab00000, 0x00000000f0d00000, 0x0000000100000000)
  eden space 51200K, 0% used [0x00000000eab00000,0x00000000eab00000,0x00000000edd00000)
  from space 18944K, 99% used [0x00000000ef380000,0x00000000f05f9808,0x00000000f0600000)
  to   space 23040K, 0% used [0x00000000edd00000,0x00000000edd00000,0x00000000ef380000)
 ParOldGen       total 92672K, used 52344K [0x00000000c0000000, 0x00000000c5a80000, 0x00000000eab00000)
  object space 92672K, 56% used [0x00000000c0000000,0x00000000c331e188,0x00000000c5a80000)
 Metaspace       used 72174K, capacity 85484K, committed 86144K, reserved 1124352K
  class space    used 9253K, capacity 10006K, committed 10368K, reserved 1048576K
}
Event: 27059.010 GC heap before
{Heap before GC invocations=369 (full 78):
 PSYoungGen      total 70144K, used 43403K [0x00000000eab00000, 0x00000000f0d00000, 0x0000000100000000)
  eden space 51200K, 47% used [0x00000000eab00000,0x00000000ec2e9420,0x00000000edd00000)
  from space 18944K, 99% used [0x00000000ef380000,0x00000000f05f9808,0x00000000f0600000)
  to   space 23040K, 0% used [0x00000000edd00000,0x00000000edd00000,0x00000000ef380000)
 ParOldGen       total 92672K, used 52344K [0x00000000c0000000, 0x00000000c5a80000, 0x00000000eab00000)
  object space 92672K, 56% used [0x00000000c0000000,0x00000000c331e188,0x00000000c5a80000)
 Metaspace       used 72178K, capacity 85484K, committed 86144K, reserved 1124352K
  class space    used 9253K, capacity 10006K, committed 10368K, reserved 1048576K
Event: 27059.031 GC heap after
Heap after GC invocations=369 (full 78):
 PSYoungGen      total 74240K, used 14474K [0x00000000eab00000, 0x00000000f0f00000, 0x0000000100000000)
  eden space 51200K, 0% used [0x00000000eab00000,0x00000000eab00000,0x00000000edd00000)
  from space 23040K, 62% used [0x00000000edd00000,0x00000000eeb22a20,0x00000000ef380000)
  to   space 24064K, 0% used [0x00000000ef780000,0x00000000ef780000,0x00000000f0f00000)
 ParOldGen       total 92672K, used 52344K [0x00000000c0000000, 0x00000000c5a80000, 0x00000000eab00000)
  object space 92672K, 56% used [0x00000000c0000000,0x00000000c331e188,0x00000000c5a80000)
 Metaspace       used 72178K, capacity 85484K, committed 86144K, reserved 1124352K
  class space    used 9253K, capacity 10006K, committed 10368K, reserved 1048576K
}
Event: 27059.031 GC heap before
{Heap before GC invocations=370 (full 79):
 PSYoungGen      total 74240K, used 14474K [0x00000000eab00000, 0x00000000f0f00000, 0x0000000100000000)
  eden space 51200K, 0% used [0x00000000eab00000,0x00000000eab00000,0x00000000edd00000)
  from space 23040K, 62% used [0x00000000edd00000,0x00000000eeb22a20,0x00000000ef380000)
  to   space 24064K, 0% used [0x00000000ef780000,0x00000000ef780000,0x00000000f0f00000)
 ParOldGen       total 92672K, used 52344K [0x00000000c0000000, 0x00000000c5a80000, 0x00000000eab00000)
  object space 92672K, 56% used [0x00000000c0000000,0x00000000c331e188,0x00000000c5a80000)
 Metaspace       used 72178K, capacity 85484K, committed 86144K, reserved 1124352K
  class space    used 9253K, capacity 10006K, committed 10368K, reserved 1048576K
Event: 27059.175 GC heap after
Heap after GC invocations=370 (full 79):
 PSYoungGen      total 74240K, used 0K [0x00000000eab00000, 0x00000000f0f00000, 0x0000000100000000)
  eden space 51200K, 0% used [0x00000000eab00000,0x00000000eab00000,0x00000000edd00000)
  from space 23040K, 0% used [0x00000000edd00000,0x00000000edd00000,0x00000000ef380000)
  to   space 24064K, 0% used [0x00000000ef780000,0x00000000ef780000,0x00000000f0f00000)
 ParOldGen       total 92672K, used 52530K [0x00000000c0000000, 0x00000000c5a80000, 0x00000000eab00000)
  object space 92672K, 56% used [0x00000000c0000000,0x00000000c334cae8,0x00000000c5a80000)
 Metaspace       used 72178K, capacity 85484K, committed 86144K, reserved 1124352K
  class space    used 9253K, capacity 10006K, committed 10368K, reserved 1048576K
}
Event: 27065.274 GC heap before
{Heap before GC invocations=371 (full 79):
 PSYoungGen      total 74240K, used 51200K [0x00000000eab00000, 0x00000000f0f00000, 0x0000000100000000)
  eden space 51200K, 100% used [0x00000000eab00000,0x00000000edd00000,0x00000000edd00000)
  from space 23040K, 0% used [0x00000000edd00000,0x00000000edd00000,0x00000000ef380000)
  to   space 24064K, 0% used [0x00000000ef780000,0x00000000ef780000,0x00000000f0f00000)
 ParOldGen       total 92672K, used 52530K [0x00000000c0000000, 0x00000000c5a80000, 0x00000000eab00000)
  object space 92672K, 56% used [0x00000000c0000000,0x00000000c334cae8,0x00000000c5a80000)
 Metaspace       used 72273K, capacity 85684K, committed 86144K, reserved 1124352K
  class space    used 9270K, capacity 10031K, committed 10368K, reserved 1048576K
Event: 27065.277 GC heap after
Heap after GC invocations=371 (full 79):
 PSYoungGen      total 77312K, used 1952K [0x00000000eab00000, 0x00000000f0e00000, 0x0000000100000000)
  eden space 54272K, 0% used [0x00000000eab00000,0x00000000eab00000,0x00000000ee000000)
  from space 23040K, 8% used [0x00000000ef780000,0x00000000ef968000,0x00000000f0e00000)
  to   space 23552K, 0% used [0x00000000ee000000,0x00000000ee000000,0x00000000ef700000)
 ParOldGen       total 92672K, used 52530K [0x00000000c0000000, 0x00000000c5a80000, 0x00000000eab00000)
  object space 92672K, 56% used [0x00000000c0000000,0x00000000c334cae8,0x00000000c5a80000)
 Metaspace       used 72273K, capacity 85684K, committed 86144K, reserved 1124352K
  class space    used 9270K, capacity 10031K, committed 10368K, reserved 1048576K
}

Deoptimization events (10 events):
Event: 24874.566 Thread 0x000000005bd55000 Uncommon trap: reason=unstable_if action=reinterpret pc=0x0000000006e2a118 method=com.android.ide.common.res2.DataItem.isRemoved()Z @ 6
Event: 24882.572 Thread 0x000000005bd55000 Uncommon trap: reason=class_check action=maybe_recompile pc=0x00000000061ba228 method=com.sun.tools.javac.comp.TransTypes.visitNewArray(Lcom/sun/tools/javac/tree/JCTree$JCNewArray;)V @ 10
Event: 24882.573 Thread 0x000000005bd55000 Uncommon trap: reason=class_check action=maybe_recompile pc=0x000000000689cc80 method=com.sun.tools.javac.comp.Lower.visitNewArray(Lcom/sun/tools/javac/tree/JCTree$JCNewArray;)V @ 9
Event: 24948.625 Thread 0x000000005bd55000 Uncommon trap: reason=class_check action=maybe_recompile pc=0x00000000061ba228 method=com.sun.tools.javac.comp.TransTypes.visitNewArray(Lcom/sun/tools/javac/tree/JCTree$JCNewArray;)V @ 10
Event: 24948.626 Thread 0x000000005bd55000 Uncommon trap: reason=class_check action=maybe_recompile pc=0x000000000689cc80 method=com.sun.tools.javac.comp.Lower.visitNewArray(Lcom/sun/tools/javac/tree/JCTree$JCNewArray;)V @ 9
Event: 27049.660 Thread 0x000000005755b800 Uncommon trap: reason=unstable_if action=reinterpret pc=0x00000000061a41e4 method=com.android.ide.common.res2.DataItem.isRemoved()Z @ 6
Event: 27059.001 Thread 0x000000005755b800 Uncommon trap: reason=bimorphic action=maybe_recompile pc=0x00000000029e940c method=org.gradle.logging.internal.AbstractStyledTextOutput.text(Ljava/lang/Object;)Lorg/gradle/logging/StyledTextOutput; @ 11
Event: 27059.182 Thread 0x0000000057381800 Uncommon trap: reason=array_check action=maybe_recompile pc=0x0000000006e7ae48 method=java.util.TimSort.reverseRange([Ljava/lang/Object;II)V @ 27
Event: 27059.182 Thread 0x0000000057381800 Uncommon trap: reason=array_check action=maybe_recompile pc=0x0000000006e7ae48 method=java.util.TimSort.reverseRange([Ljava/lang/Object;II)V @ 27
Event: 27067.796 Thread 0x000000005755b800 Uncommon trap: reason=class_check action=maybe_recompile pc=0x0000000003eefecc method=org.gradle.api.internal.changedetection.state.DefaultFileCollectionSnapshotter$FileCollectionSnapshotImpl$2.next(Lorg/gradle/util/ChangeListener;)Z @ 136

Internal exceptions (10 events):
Event: 27059.181 Thread 0x0000000057381800 Exception <a 'java/lang/NoSuchMethodError': <clinit>> (0x00000000eac30618) thrown at [D:\re\puppet\workspace\8-2-build-windows-amd64-cygwin\jdk8u73\6086\hotspot\src\share\vm\prims\jni.cpp, line 1591]
Event: 27059.182 Thread 0x0000000057381800 Exception <a 'java/lang/NoSuchMethodError': <clinit>> (0x00000000eac52bf0) thrown at [D:\re\puppet\workspace\8-2-build-windows-amd64-cygwin\jdk8u73\6086\hotspot\src\share\vm\prims\jni.cpp, line 1591]
Event: 27059.182 Thread 0x0000000057381800 Exception <a 'java/lang/NoSuchMethodError': <clinit>> (0x00000000eac58730) thrown at [D:\re\puppet\workspace\8-2-build-windows-amd64-cygwin\jdk8u73\6086\hotspot\src\share\vm\prims\jni.cpp, line 1591]
Event: 27059.183 Thread 0x0000000057381800 Exception <a 'java/lang/NoSuchMethodError': <clinit>> (0x00000000eac6a320) thrown at [D:\re\puppet\workspace\8-2-build-windows-amd64-cygwin\jdk8u73\6086\hotspot\src\share\vm\prims\jni.cpp, line 1591]
Event: 27059.184 Thread 0x0000000057381800 Exception <a 'java/lang/NoSuchMethodError': <clinit>> (0x00000000eaca3f70) thrown at [D:\re\puppet\workspace\8-2-build-windows-amd64-cygwin\jdk8u73\6086\hotspot\src\share\vm\prims\jni.cpp, line 1591]
Event: 27059.184 Thread 0x0000000057381800 Exception <a 'java/lang/NoSuchMethodError': <clinit>> (0x00000000eaca7640) thrown at [D:\re\puppet\workspace\8-2-build-windows-amd64-cygwin\jdk8u73\6086\hotspot\src\share\vm\prims\jni.cpp, line 1591]
Event: 27059.184 Thread 0x0000000057381800 Exception <a 'java/lang/NoSuchMethodError': <clinit>> (0x00000000eacc3778) thrown at [D:\re\puppet\workspace\8-2-build-windows-amd64-cygwin\jdk8u73\6086\hotspot\src\share\vm\prims\jni.cpp, line 1591]
Event: 27059.184 Thread 0x0000000057381800 Exception <a 'java/lang/NoSuchMethodError': <clinit>> (0x00000000eacd0f68) thrown at [D:\re\puppet\workspace\8-2-build-windows-amd64-cygwin\jdk8u73\6086\hotspot\src\share\vm\prims\jni.cpp, line 1591]
Event: 27065.101 Thread 0x000000005755b800 Exception <a 'java/lang/ClassNotFoundException': asLocalRepo156_2eqxb931itbmd7eoiscr51ydiBeanInfo> (0x00000000eabb0b58) thrown at [D:\re\puppet\workspace\8-2-build-windows-amd64-cygwin\jdk8u73\6086\hotspot\src\share\vm\classfile\systemDictionary.cpp, line ´eVvFnÚ@
Event: 27065.101 Thread 0x000000005755b800 Exception <a 'java/lang/ClassNotFoundException': asLocalRepo156_2eqxb931itbmd7eoiscr51ydiCustomizer> (0x00000000eabba020) thrown at [D:\re\puppet\workspace\8-2-build-windows-amd64-cygwin\jdk8u73\6086\hotspot\src\share\vm\classfile\systemDictionary.cpp, lin1à˜ËlÚ@

Events (10 events):
Event: 27067.823 Thread 0x000000005d53d800 Thread added: 0x000000005d53d800
Event: 27067.824 Thread 0x000000005d53e000 Thread added: 0x000000005d53e000
Event: 27067.824 Thread 0x000000005755d800 Thread exited: 0x000000005755d800
Event: 27067.826 Thread 0x000000005755d800 Thread added: 0x000000005755d800
Event: 27067.834 Thread 0x000000005c76f000 Thread added: 0x000000005c76f000
Event: 27067.834 Thread 0x000000005c778800 Thread added: 0x000000005c778800
Event: 27067.834 Thread 0x000000005c77a000 Thread added: 0x000000005c77a000
Event: 27067.834 Thread 0x000000005c773000 Thread added: 0x000000005c773000
Event: 27067.837 Thread 0x000000005c76f000 Thread exited: 0x000000005c76f000
Event: 27067.923 Thread 0x0000000057382000 Thread added: 0x0000000057382000


Dynamic libraries:
0x000000013fae0000 - 0x000000013fb17000 	C:\Program Files\Java\jdk1.8.0_73\bin\java.exe
0x00000000770f0000 - 0x000000007729a000 	C:\Windows\SYSTEM32\ntdll.dll
0x0000000076fd0000 - 0x00000000770ef000 	C:\Windows\system32\kernel32.dll
0x000007fefd100000 - 0x000007fefd16b000 	C:\Windows\system32\KERNELBASE.dll
0x000007feff0f0000 - 0x000007feff1cb000 	C:\Windows\system32\ADVAPI32.dll
0x000007fefdf50000 - 0x000007fefdfef000 	C:\Windows\system32\msvcrt.dll
0x000007fefda20000 - 0x000007fefda3f000 	C:\Windows\SYSTEM32\sechost.dll
0x000007fefde20000 - 0x000007fefdf4d000 	C:\Windows\system32\RPCRT4.dll
0x0000000076ed0000 - 0x0000000076fca000 	C:\Windows\system32\USER32.dll
0x000007fefd700000 - 0x000007fefd767000 	C:\Windows\system32\GDI32.dll
0x000007fefdba0000 - 0x000007fefdbae000 	C:\Windows\system32\LPK.dll
0x000007feff1d0000 - 0x000007feff29a000 	C:\Windows\system32\USP10.dll
0x000007fefb970000 - 0x000007fefbb64000 	C:\Windows\WinSxS\amd64_microsoft.windows.common-controls_6595b64144ccf1df_6.0.7601.18837_none_fa3b1e3d17594757\COMCTL32.dll
0x000007fefd9a0000 - 0x000007fefda11000 	C:\Windows\system32\SHLWAPI.dll
0x000007fefdb70000 - 0x000007fefdb9e000 	C:\Windows\system32\IMM32.DLL
0x000007feff2a0000 - 0x000007feff3a9000 	C:\Windows\system32\MSCTF.dll
0x000000005f440000 - 0x000000005f512000 	C:\Program Files\Java\jdk1.8.0_73\jre\bin\msvcr100.dll
0x00000000697b0000 - 0x000000006a040000 	C:\Program Files\Java\jdk1.8.0_73\jre\bin\server\jvm.dll
0x000007fef7da0000 - 0x000007fef7da9000 	C:\Windows\system32\WSOCK32.dll
0x000007feff3b0000 - 0x000007feff3fd000 	C:\Windows\system32\WS2_32.dll
0x000007fefdbb0000 - 0x000007fefdbb8000 	C:\Windows\system32\NSI.dll
0x000007fefa680000 - 0x000007fefa6bb000 	C:\Windows\system32\WINMM.dll
0x000007fefc130000 - 0x000007fefc13c000 	C:\Windows\system32\VERSION.dll
0x00000000772b0000 - 0x00000000772b7000 	C:\Windows\system32\PSAPI.DLL
0x000000006da00000 - 0x000000006da0f000 	C:\Program Files\Java\jdk1.8.0_73\jre\bin\verify.dll
0x000000006a7e0000 - 0x000000006a809000 	C:\Program Files\Java\jdk1.8.0_73\jre\bin\java.dll
0x000000006a6d0000 - 0x000000006a6e6000 	C:\Program Files\Java\jdk1.8.0_73\jre\bin\zip.dll
0x000007fefe070000 - 0x000007fefedf9000 	C:\Windows\system32\SHELL32.dll
0x000007fefeee0000 - 0x000007feff0e3000 	C:\Windows\system32\ole32.dll
0x000007fefcff0000 - 0x000007fefcfff000 	C:\Windows\system32\profapi.dll
0x000000006a6b0000 - 0x000000006a6ca000 	C:\Program Files\Java\jdk1.8.0_73\jre\bin\net.dll
0x000007fefc820000 - 0x000007fefc875000 	C:\Windows\system32\mswsock.dll
0x000007fefc810000 - 0x000007fefc817000 	C:\Windows\System32\wship6.dll
0x000000006a690000 - 0x000000006a6a1000 	C:\Program Files\Java\jdk1.8.0_73\jre\bin\nio.dll
0x000007feefd00000 - 0x000007feefd12000 	C:\Users\admin\.gradle\native\19\windows-amd64\native-platform.dll
0x000007fefab40000 - 0x000007fefab67000 	C:\Windows\system32\IPHLPAPI.DLL
0x000007fefab30000 - 0x000007fefab3b000 	C:\Windows\system32\WINNSI.DLL
0x000007fefa080000 - 0x000007fefa091000 	C:\Windows\system32\dhcpcsvc6.DLL
0x000007fefa060000 - 0x000007fefa078000 	C:\Windows\system32\dhcpcsvc.DLL
0x000007fefc880000 - 0x000007fefc898000 	C:\Windows\system32\CRYPTSP.dll
0x000007fefc580000 - 0x000007fefc5c7000 	C:\Windows\system32\rsaenh.dll
0x000007fefc330000 - 0x000007fefc34e000 	C:\Windows\system32\USERENV.dll
0x000007fefcf20000 - 0x000007fefcf2f000 	C:\Windows\system32\CRYPTBASE.dll
0x000007fefce80000 - 0x000007fefced7000 	C:\Windows\system32\apphelp.dll
0x0000000073090000 - 0x000000007309d000 	C:\Program Files\Java\jdk1.8.0_73\jre\bin\management.dll
0x0000000072fc0000 - 0x0000000072fe4000 	C:\Program Files\Java\jdk1.8.0_73\jre\bin\sunec.dll
0x000007fefc200000 - 0x000007fefc207000 	C:\Windows\System32\wshtcpip.dll
0x000007fefc6a0000 - 0x000007fefc6fb000 	C:\Windows\system32\DNSAPI.dll
0x000007fef9140000 - 0x000007fef9148000 	C:\Windows\system32\rasadhlp.dll
0x000007fefa620000 - 0x000007fefa673000 	C:\Windows\System32\fwpuclnt.dll
0x000007fefae50000 - 0x000007fefae65000 	C:\Windows\system32\NLAapi.dll
0x000007fef8a80000 - 0x000007fef8a95000 	C:\Windows\system32\napinsp.dll
0x000007fef8a60000 - 0x000007fef8a79000 	C:\Windows\system32\pnrpnsp.dll
0x000007fef8a50000 - 0x000007fef8a5b000 	C:\Windows\System32\winrnr.dll
0x0000000069530000 - 0x00000000696c8000 	C:\Program Files\Java\jdk1.8.0_73\jre\bin\awt.dll
0x000007fefee00000 - 0x000007fefeeda000 	C:\Windows\system32\OLEAUT32.dll
0x000007fefb380000 - 0x000007fefb398000 	C:\Windows\system32\DWMAPI.DLL
0x0000000072f90000 - 0x0000000072fba000 	C:\Program Files\Java\jdk1.8.0_73\jre\bin\dcpr.dll

VM Arguments:
jvm_args: -XX:MaxPermSize=256m -XX:+HeapDumpOnOutOfMemoryError -Xmx1024m -Dfile.encoding=GBK -Duser.country=CN -Duser.language=zh -Duser.variant 
java_command: org.gradle.launcher.daemon.bootstrap.GradleDaemon 2.8
java_class_path (initial): C:\Program Files\Android\Android Studio1\gradle\gradle-2.8\lib\gradle-launcher-2.8.jar
Launcher Type: SUN_STANDARD

Environment Variables:
JAVA_HOME=C:\Program Files\Java\jdk1.8.0_73
CLASSPATH=.;C:\Program Files\Java\jdk1.8.0_73\lib;C:\Program Files\Java\jdk1.8.0_73\lib\tools.jar
PATH=D:\MyPython\;D:\MyPython\Scripts;C:\ProgramData\Oracle\Java\javapath;C:\Windows\system32;C:\Windows;C:\Windows\System32\Wbem;C:\Windows\System32\WindowsPowerShell\v1.0\;C:\Program Files (x86)\Common Files\microsoft shared\TigerKin;C:\Program Files (x86)\NVIDIA Corporation\PhysX\Common;C:\Program Files (x86)\Common Files\microsoft shared\TigerKin;C:\Program Files\Java\jdk1.8.0_73\bin;C:\Program Files\Java\jdk1.8.0_73\jre\bin;C:\Users\admin\AppData\Local\Android\sdk\platform-tools;C:\Users\admin\AppData\Local\Programs\Python\Python35\Scripts\;C:\Users\admin\AppData\Local\Programs\Python\Python35\
USERNAME=admin
OS=Windows_NT
PROCESSOR_IDENTIFIER=Intel64 Family 6 Model 60 Stepping 3, GenuineIntel



---------------  S Y S T E M  ---------------

OS: Windows 7 , 64 bit Build 7601 (6.1.7601.19160)

CPU:total 4 (4 cores per cpu, 1 threads per core) family 6 model 60 stepping 3, cmov, cx8, fxsr, mmx, sse, sse2, sse3, ssse3, sse4.1, sse4.2, popcnt, avx, avx2, aes, clmul, erms, rtm, lzcnt, tsc, tscinvbit, bmi1, bmi2

Memory: 4k page, physical 8353940k(1148520k free), swap 9400680k(4536k free)

vm_info: Java HotSpot(TM) 64-Bit Server VM (25.73-b02) for windows-amd64 JRE (1.8.0_73-b02), built on Jan 29 2016 17:38:49 by "java_re" with MS VC++ 10.0 (VS2010)

time: Sun Oct 09 17:23:59 2016
elapsed time: 27067 seconds (0d 7h 31m 7s)

