#
# There is insufficient memory for the Java Runtime Environment to continue.
# Native memory allocation (malloc) failed to allocate 65552 bytes for Chunk::new
# Possible reasons:
#   The system is out of physical RAM or swap space
#   In 32 bit mode, the process size limit was hit
# Possible solutions:
#   Reduce memory load on the system
#   Increase physical memory or swap space
#   Check if swap backing store is full
#   Use 64 bit Java on a 64 bit OS
#   Decrease Java heap size (-Xmx/-Xms)
#   Decrease number of Java threads
#   Decrease Java thread stack sizes (-Xss)
#   Set larger code cache with -XX:ReservedCodeCacheSize=
# This output file may be truncated or incomplete.
#
#  Out of Memory Error (allocation.cpp:390), pid=9508, tid=0x0000000000002628
#
# JRE version: OpenJDK Runtime Environment (8.0_76-b03) (build 1.8.0_76-release-b03)
# Java VM: OpenJDK 64-Bit Server VM (25.76-b03 mixed mode windows-amd64 compressed oops)
# Failed to write core dump. Minidumps are not enabled by default on client versions of Windows
#

---------------  T H R E A D  ---------------

Current thread (0x0000000054bbd000):  JavaThread "C2 CompilerThread0" daemon [_thread_in_native, id=9768, stack(0x00000000567e0000,0x00000000568e0000)]

Stack: [0x00000000567e0000,0x00000000568e0000]
[error occurred during error reporting (printing stack bounds), id 0xc0000005]

Native frames: (J=compiled Java code, j=interpreted, Vv=VM code, C=native code)


Current CompileTask:
C2:   1279  720       4       com.android.dx.ssa.NormalSsaInsn::accept (25 bytes)


---------------  P R O C E S S  ---------------

Java Threads: ( => current thread )
  0x000000005627c800 JavaThread "pool-2-thread-4" [_thread_blocked, id=9936, stack(0x0000000057320000,0x0000000057420000)]
  0x000000005627b800 JavaThread "pool-2-thread-3" [_thread_blocked, id=9932, stack(0x0000000057090000,0x0000000057190000)]
  0x0000000056274800 JavaThread "pool-2-thread-2" [_thread_blocked, id=9928, stack(0x0000000057200000,0x0000000057300000)]
  0x0000000056270000 JavaThread "pool-3-thread-1" [_thread_blocked, id=9924, stack(0x0000000056f30000,0x0000000057030000)]
  0x000000005626f800 JavaThread "pool-2-thread-1" [_thread_blocked, id=9916, stack(0x0000000055c00000,0x0000000055d00000)]
  0x00000000560de800 JavaThread "Service Thread" daemon [_thread_blocked, id=9804, stack(0x0000000056cc0000,0x0000000056dc0000)]
  0x00000000560c6000 JavaThread "C1 CompilerThread2" daemon [_thread_blocked, id=9796, stack(0x0000000056b30000,0x0000000056c30000)]
  0x0000000054bbf000 JavaThread "C2 CompilerThread1" daemon [_thread_blocked, id=9788, stack(0x0000000056960000,0x0000000056a60000)]
=>0x0000000054bbd000 JavaThread "C2 CompilerThread0" daemon [_thread_in_native, id=9768, stack(0x00000000567e0000,0x00000000568e0000)]
  0x000000005606a800 JavaThread "Attach Listener" daemon [_thread_blocked, id=9760, stack(0x0000000056660000,0x0000000056760000)]
  0x0000000056069800 JavaThread "Signal Dispatcher" daemon [_thread_blocked, id=9752, stack(0x0000000056520000,0x0000000056620000)]
  0x0000000054b97000 JavaThread "Finalizer" daemon [_thread_blocked, id=9692, stack(0x0000000055e50000,0x0000000055f50000)]
  0x0000000054b50000 JavaThread "Reference Handler" daemon [_thread_blocked, id=9680, stack(0x0000000055f60000,0x0000000056060000)]
  0x000000000043e800 JavaThread "main" [_thread_blocked, id=9624, stack(0x00000000023f0000,0x00000000024f0000)]

Other Threads:
  0x0000000054b48800 VMThread [stack: 0x0000000055d40000,0x0000000055e40000] [id=9672]
  0x00000000560e0800 WatcherThread [stack: 0x0000000056dd0000,0x0000000056ed0000] [id=9808]

VM state:not at safepoint (normal execution)

VM Mutex/Monitor currently owned by a thread: None

Heap:
 PSYoungGen      total 38400K, used 14657K [0x00000000eab00000, 0x00000000ed580000, 0x0000000100000000)
  eden space 33280K, 44% used [0x00000000eab00000,0x00000000eb950450,0x00000000ecb80000)
  from space 5120K, 0% used [0x00000000ed080000,0x00000000ed080000,0x00000000ed580000)
  to   space 5120K, 0% used [0x00000000ecb80000,0x00000000ecb80000,0x00000000ed080000)
 ParOldGen       total 87552K, used 0K [0x00000000c0000000, 0x00000000c5580000, 0x00000000eab00000)
  object space 87552K, 0% used [0x00000000c0000000,0x00000000c0000000,0x00000000c5580000)
 Metaspace       used 5673K, capacity 6640K, committed 6784K, reserved 1056768K
  class space    used 573K, capacity 616K, committed 640K, reserved 1048576K

Card table byte_map: [0x00000000118b0000,0x0000000011ac0000] byte_map_base: 0x00000000112b0000

Marking Bits: (ParMarkBitMap*) 0x000000005f129d00
 Begin Bits: [0x0000000011fc0000, 0x0000000012fc0000)
 End Bits:   [0x0000000012fc0000, 0x0000000013fc0000)

Polling page: 0x0000000000110000

CodeCache: size=245760Kb used=2807Kb max_used=2814Kb free=242952Kb
 bounds [0x00000000024f0000, 0x00000000027c0000, 0x00000000114f0000]
 total_blobs=989 nmethods=719 adapters=184
 compilation: enabled

Compilation events (10 events):
Event: 1.221 Thread 0x00000000560c6000 nmethod 715 0x00000000027ad390 code [0x00000000027ad520, 0x00000000027adbc8]
Event: 1.222 Thread 0x0000000054bbf000  716       4       com.android.dx.ssa.NormalSsaInsn::isNormalMoveInsn (20 bytes)
Event: 1.222 Thread 0x0000000054bbf000 nmethod 716 0x00000000027b0a90 code [0x00000000027b0bc0, 0x00000000027b0c38]
Event: 1.273 Thread 0x00000000560c6000  717       3       com.android.dx.cf.code.ConcreteMethod::getAccessFlags (10 bytes)
Event: 1.274 Thread 0x00000000560c6000 nmethod 717 0x00000000027b0650 code [0x00000000027b07c0, 0x00000000027b09e8]
Event: 1.274 Thread 0x00000000560c6000  719       3       com.android.dx.ssa.Dominators::getPreds (17 bytes)
Event: 1.274 Thread 0x0000000054bbd000  720       4       com.android.dx.ssa.NormalSsaInsn::accept (25 bytes)
Event: 1.274 Thread 0x00000000560c6000 nmethod 719 0x00000000027b0150 code [0x00000000027b02c0, 0x00000000027b0590]
Event: 1.274 Thread 0x00000000560c6000  718       3       com.android.dx.cf.code.Ropper::isSynchronized (21 bytes)
Event: 1.274 Thread 0x00000000560c6000 nmethod 718 0x00000000027afb50 code [0x00000000027afcc0, 0x00000000027b0008]

GC Heap History (0 events):
No events

Deoptimization events (1 events):
Event: 0.227 Thread 0x000000000043e800 Uncommon trap: reason=unstable_if action=reinterpret pc=0x000000000263aa00 method=java.lang.String.indexOf(II)I @ 49

Internal exceptions (2 events):
Event: 0.031 Thread 0x000000000043e800 Exception <a 'java/lang/NoSuchMethodError': Method sun.misc.Unsafe.defineClass(Ljava/lang/String;[BII)Ljava/lang/Class; name or signature does not match> (0x00000000eab07cc0) thrown at [C:\src\android\AOSP-openjdk\external\jetbrains\jdk\hotspot\src\share\v×‡yä3 ?
Event: 0.032 Thread 0x000000000043e800 Exception <a 'java/lang/NoSuchMethodError': Method sun.misc.Unsafe.prefetchRead(Ljava/lang/Object;J)V name or signature does not match> (0x00000000eab07fa8) thrown at [C:\src\android\AOSP-openjdk\external\jetbrains\jdk\hotspot\src\share\vm\prims\jni.cpp, l

Events (10 events):
Event: 0.498 loading class com/android/dx/ssa/PhiInsn$Operand
Event: 0.498 loading class com/android/dx/ssa/PhiInsn$Operand done
Event: 0.501 loading class com/android/dx/ssa/back/FirstFitLocalCombiningAllocator$Multiset
Event: 0.501 loading class com/android/dx/ssa/back/FirstFitLocalCombiningAllocator$Multiset done
Event: 0.512 loading class java/util/TreeMap$EntrySet
Event: 0.512 loading class java/util/TreeMap$EntrySet done
Event: 0.512 loading class java/util/TreeMap$EntryIterator
Event: 0.513 loading class java/util/TreeMap$EntryIterator done
Event: 0.513 loading class java/util/DualPivotQuicksort
Event: 0.513 loading class java/util/DualPivotQuicksort done


Dynamic libraries:
0x000000013f220000 - 0x000000013f251000 	C:\Program Files\Android\Android Studio\jre\bin\java.exe
0x0000000076f60000 - 0x000000007710a000 	C:\Windows\SYSTEM32\ntdll.dll
0x0000000076e40000 - 0x0000000076f5f000 	C:\Windows\system32\kernel32.dll
0x000007fefcf30000 - 0x000007fefcf9a000 	C:\Windows\system32\KERNELBASE.dll
0x000007fefd270000 - 0x000007fefd34b000 	C:\Windows\system32\ADVAPI32.dll
0x000007fefea40000 - 0x000007fefeadf000 	C:\Windows\system32\msvcrt.dll
0x000007fefed30000 - 0x000007fefed4f000 	C:\Windows\SYSTEM32\sechost.dll
0x000007feff140000 - 0x000007feff26d000 	C:\Windows\system32\RPCRT4.dll
0x0000000076d40000 - 0x0000000076e3a000 	C:\Windows\system32\USER32.dll
0x000007fefd940000 - 0x000007fefd9a7000 	C:\Windows\system32\GDI32.dll
0x000007fefdae0000 - 0x000007fefdaee000 	C:\Windows\system32\LPK.dll
0x000007fefd9b0000 - 0x000007fefda7a000 	C:\Windows\system32\USP10.dll
0x000007fefb830000 - 0x000007fefba24000 	C:\Windows\WinSxS\amd64_microsoft.windows.common-controls_6595b64144ccf1df_6.0.7601.18837_none_fa3b1e3d17594757\COMCTL32.dll
0x000007feff090000 - 0x000007feff101000 	C:\Windows\system32\SHLWAPI.dll
0x000007fefdaf0000 - 0x000007fefdb1e000 	C:\Windows\system32\IMM32.DLL
0x000007fefed50000 - 0x000007fefee59000 	C:\Windows\system32\MSCTF.dll
0x00000000706d0000 - 0x00000000707a2000 	C:\Program Files\Android\Android Studio\jre\jre\bin\msvcr100.dll
0x000000005e970000 - 0x000000005f1a4000 	C:\Program Files\Android\Android Studio\jre\jre\bin\server\jvm.dll
0x000007fef8fe0000 - 0x000007fef8fe9000 	C:\Windows\system32\WSOCK32.dll
0x000007fefee60000 - 0x000007fefeead000 	C:\Windows\system32\WS2_32.dll
0x000007feff130000 - 0x000007feff138000 	C:\Windows\system32\NSI.dll
0x000007fefa530000 - 0x000007fefa56b000 	C:\Windows\system32\WINMM.dll
0x000007fefbfa0000 - 0x000007fefbfac000 	C:\Windows\system32\VERSION.dll
0x0000000077120000 - 0x0000000077127000 	C:\Windows\system32\PSAPI.DLL
0x000007fef53c0000 - 0x000007fef53cf000 	C:\Program Files\Android\Android Studio\jre\jre\bin\verify.dll
0x000007fef5390000 - 0x000007fef53b9000 	C:\Program Files\Android\Android Studio\jre\jre\bin\java.dll
0x000007fef5370000 - 0x000007fef5386000 	C:\Program Files\Android\Android Studio\jre\jre\bin\zip.dll
0x000007fefdcb0000 - 0x000007fefea39000 	C:\Windows\system32\SHELL32.dll
0x000007fefd5b0000 - 0x000007fefd7b3000 	C:\Windows\system32\ole32.dll
0x000007fefce60000 - 0x000007fefce6f000 	C:\Windows\system32\profapi.dll

VM Arguments:
jvm_args: -Djava.awt.headless=true -Xmx1024M -Dfile.encoding=GBK -Duser.country=CN -Duser.language=zh -Duser.variant 
java_command: com.android.dx.command.Main --dex --force-jumbo --num-threads=4 --multi-dex --output G:\GIT\DakaiNote_Source\app\build\intermediates\transforms\dex\debug\folders\1000\10\com.android.databinding-adapters-1.2.1_cc502a63628fa74c7a9a4d941f53a0dc5577824f G:\GIT\DakaiNote_Source\app\build\intermediates\exploded-aar\com.android.databinding\adapters\1.2.1\jars\classes.jar
java_class_path (initial): E:\SDK\build-tools\23.0.2\lib\dx.jar
Launcher Type: SUN_STANDARD

Environment Variables:
JAVA_HOME=C:\Program Files\Java\jdk1.8.0_73
CLASSPATH=.;C:\Program Files\Java\jdk1.8.0_73\lib;C:\Program Files\Java\jdk1.8.0_73\lib\tools.jar
PATH=D:\MyPython\;D:\MyPython\Scripts;C:\ProgramData\Oracle\Java\javapath;C:\Windows\system32;C:\Windows;C:\Windows\System32\Wbem;C:\Windows\System32\WindowsPowerShell\v1.0\;C:\Program Files (x86)\Common Files\microsoft shared\TigerKin;C:\Program Files (x86)\NVIDIA Corporation\PhysX\Common;C:\Program Files (x86)\Common Files\microsoft shared\TigerKin;C:\Program Files\Java\jdk1.8.0_73\bin;C:\Program Files\Java\jdk1.8.0_73\jre\bin;C:\Users\admin\AppData\Local\Android\sdk\platform-tools;C:\Users\admin\AppData\Local\Programs\Python\Python35\Scripts\;C:\Users\admin\AppData\Local\Programs\Python\Python35\
USERNAME=admin
OS=Windows_NT
PROCESSOR_IDENTIFIER=Intel64 Family 6 Model 60 Stepping 3, GenuineIntel



---------------  S Y S T E M  ---------------

OS: Windows 7 , 64 bit Build 7601 (6.1.7601.23543)

CPU:total 4 (4 cores per cpu, 1 threads per core) family 6 model 60 stepping 3, cmov, cx8, fxsr, mmx, sse, sse2, sse3, ssse3, sse4.1, sse4.2, popcnt, avx, avx2, aes, clmul, erms, rtm, lzcnt, tsc, tscinvbit, bmi1, bmi2

Memory: 4k page, physical 8353940k(1142780k free), swap 9400656k(5020k free)

vm_info: OpenJDK 64-Bit Server VM (25.76-b03) for windows-amd64 JRE (1.8.0_76-release-b03), built on Jun 29 2016 19:09:20 by "ralucas" with MS VC++ 10.0 (VS2010)

time: Sun Nov 06 23:07:30 2016
elapsed time: 1 seconds (0d 0h 0m 1s)

