#
# There is insufficient memory for the Java Runtime Environment to continue.
# Native memory allocation (malloc) failed to allocate 32744 bytes for ChunkPool::allocate
# Possible reasons:
#   The system is out of physical RAM or swap space
#   In 32 bit mode, the process size limit was hit
# Possible solutions:
#   Reduce memory load on the system
#   Increase physical memory or swap space
#   Check if swap backing store is full
#   Use 64 bit Java on a 64 bit OS
#   Decrease Java heap size (-Xmx/-Xms)
#   Decrease number of Java threads
#   Decrease Java thread stack sizes (-Xss)
#   Set larger code cache with -XX:ReservedCodeCacheSize=
# This output file may be truncated or incomplete.
#
#  Out of Memory Error (allocation.cpp:273), pid=7340, tid=0x0000000000000ae4
#
# JRE version: OpenJDK Runtime Environment (8.0_76-b03) (build 1.8.0_76-release-b03)
# Java VM: OpenJDK 64-Bit Server VM (25.76-b03 mixed mode windows-amd64 compressed oops)
# Failed to write core dump. Minidumps are not enabled by default on client versions of Windows
#

---------------  T H R E A D  ---------------

Current thread (0x00000000561e3000):  JavaThread "C1 CompilerThread2" daemon [_thread_in_native, id=2788, stack(0x0000000056cd0000,0x0000000056dd0000)]

Stack: [0x0000000056cd0000,0x0000000056dd0000]
[error occurred during error reporting (printing stack bounds), id 0xc0000005]

Native frames: (J=compiled Java code, j=interpreted, Vv=VM code, C=native code)


Current CompileTask:
C1:    392  550   !   3       com.android.dx.cf.code.BytecodeArray::parseInstruction (2764 bytes)


---------------  P R O C E S S  ---------------

Java Threads: ( => current thread )
  0x0000000056481000 JavaThread "pool-3-thread-1" [_thread_blocked, id=10908, stack(0x00000000571c0000,0x00000000572c0000)]
  0x000000005647e000 JavaThread "pool-2-thread-1" [_thread_in_Java, id=11456, stack(0x0000000057020000,0x0000000057120000)]
  0x000000005624e000 JavaThread "Service Thread" daemon [_thread_blocked, id=3112, stack(0x00000000565c0000,0x00000000566c0000)]
=>0x00000000561e3000 JavaThread "C1 CompilerThread2" daemon [_thread_in_native, id=2788, stack(0x0000000056cd0000,0x0000000056dd0000)]
  0x00000000561e2000 JavaThread "C2 CompilerThread1" daemon [_thread_in_native, id=10524, stack(0x0000000055f80000,0x0000000056080000)]
  0x0000000054fbf000 JavaThread "C2 CompilerThread0" daemon [_thread_in_vm, id=11356, stack(0x0000000056ab0000,0x0000000056bb0000)]
  0x00000000561ca800 JavaThread "Attach Listener" daemon [_thread_blocked, id=5144, stack(0x0000000056860000,0x0000000056960000)]
  0x0000000054fad000 JavaThread "Signal Dispatcher" daemon [_thread_blocked, id=8256, stack(0x00000000566c0000,0x00000000567c0000)]
  0x0000000054f99000 JavaThread "Finalizer" daemon [_thread_blocked, id=8700, stack(0x00000000560c0000,0x00000000561c0000)]
  0x0000000054f52000 JavaThread "Reference Handler" daemon [_thread_blocked, id=10636, stack(0x0000000055cb0000,0x0000000055db0000)]
  0x00000000021fe800 JavaThread "main" [_thread_blocked, id=9160, stack(0x0000000002480000,0x0000000002580000)]

Other Threads:
  0x0000000054f4a000 VMThread [stack: 0x0000000055e50000,0x0000000055f50000] [id=11388]
  0x0000000056256800 WatcherThread [stack: 0x0000000056eb0000,0x0000000056fb0000] [id=8180]

VM state:not at safepoint (normal execution)

VM Mutex/Monitor currently owned by a thread: None

Heap:
 PSYoungGen      total 38400K, used 11572K [0x00000000eab00000, 0x00000000ed580000, 0x0000000100000000)
  eden space 33280K, 34% used [0x00000000eab00000,0x00000000eb64d018,0x00000000ecb80000)
  from space 5120K, 0% used [0x00000000ed080000,0x00000000ed080000,0x00000000ed580000)
  to   space 5120K, 0% used [0x00000000ecb80000,0x00000000ecb80000,0x00000000ed080000)
 ParOldGen       total 87552K, used 0K [0x00000000c0000000, 0x00000000c5580000, 0x00000000eab00000)
  object space 87552K, 0% used [0x00000000c0000000,0x00000000c0000000,0x00000000c5580000)
 Metaspace       used 5502K, capacity 6512K, committed 6784K, reserved 1056768K
  class space    used 574K, capacity 616K, committed 640K, reserved 1048576K

Card table byte_map: [0x0000000011940000,0x0000000011b50000] byte_map_base: 0x0000000011340000

Marking Bits: (ParMarkBitMap*) 0x0000000068669d00
 Begin Bits: [0x00000000123c0000, 0x00000000133c0000)
 End Bits:   [0x00000000133c0000, 0x00000000143c0000)

Polling page: 0x00000000005a0000

CodeCache: size=245760Kb used=2190Kb max_used=2190Kb free=243569Kb
 bounds [0x0000000002580000, 0x00000000027f0000, 0x0000000011580000]
 total_blobs=823 nmethods=553 adapters=184
 compilation: enabled

Compilation events (10 events):
Event: 0.384 Thread 0x00000000561e3000 nmethod 525 0x00000000027a1cd0 code [0x00000000027a1e60, 0x00000000027a2238]
Event: 0.384 Thread 0x00000000561e3000  521       3       com.android.dx.ssa.back.FirstFitLocalCombiningAllocator::canMapReg (32 bytes)
Event: 0.384 Thread 0x00000000561e3000 nmethod 521 0x00000000027a23d0 code [0x00000000027a25c0, 0x00000000027a2ec8]
Event: 0.384 Thread 0x00000000561e3000  522       3       com.android.dx.ssa.back.FirstFitLocalCombiningAllocator::spansParamRange (24 bytes)
Event: 0.384 Thread 0x00000000561e3000 nmethod 522 0x00000000027a32d0 code [0x00000000027a3420, 0x00000000027a3610]
Event: 0.384 Thread 0x00000000561e3000  523       3       com.android.dx.ssa.InterferenceRegisterMapper::interferes (14 bytes)
Event: 0.384 Thread 0x00000000561e3000 nmethod 523 0x00000000027a3690 code [0x00000000027a3820, 0x00000000027a3ca8]
Event: 0.384 Thread 0x00000000561e3000  524       3       com.android.dx.ssa.InterferenceRegisterMapper::interferes (78 bytes)
Event: 0.385 Thread 0x00000000561e3000 nmethod 524 0x00000000027a3e90 code [0x00000000027a40c0, 0x00000000027a4cc8]
Event: 0.385 Thread 0x00000000561e3000  550   !   3       com.android.dx.cf.code.BytecodeArray::parseInstruction (2764 bytes)

GC Heap History (0 events):
No events

Deoptimization events (1 events):
Event: 0.356 Thread 0x000000005647e000 Uncommon trap: reason=unstable_if action=reinterpret pc=0x0000000002738b14 method=java.util.HashMap.getNode(ILjava/lang/Object;)Ljava/util/HashMap$Node; @ 129

Internal exceptions (2 events):
Event: 0.019 Thread 0x00000000021fe800 Exception <a 'java/lang/NoSuchMethodError': Method sun.misc.Unsafe.defineClass(Ljava/lang/String;[BII)Ljava/lang/Class; name or signature does not match> (0x00000000eab07cc0) thrown at [C:\src\android\AOSP-openjdk\external\jetbrains\jdk\hotspot\src\share\vé/ÏX0“?
Event: 0.019 Thread 0x00000000021fe800 Exception <a 'java/lang/NoSuchMethodError': Method sun.misc.Unsafe.prefetchRead(Ljava/lang/Object;J)V name or signature does not match> (0x00000000eab07fa8) thrown at [C:\src\android\AOSP-openjdk\external\jetbrains\jdk\hotspot\src\share\vm\prims\jni.cpp, l

Events (10 events):
Event: 0.356 Thread 0x000000005647e000 DEOPT PACKING pc=0x0000000002738b14 sp=0x000000005711eaf0
Event: 0.356 Thread 0x000000005647e000 DEOPT UNPACKING pc=0x00000000025c556a sp=0x000000005711ea68 mode 2
Event: 0.356 loading class java/util/HashMap$Values
Event: 0.356 loading class java/util/HashMap$Values done
Event: 0.356 loading class java/util/HashMap$ValueIterator
Event: 0.356 loading class java/util/HashMap$ValueIterator done
Event: 0.376 loading class com/android/dx/ssa/back/FirstFitLocalCombiningAllocator$Multiset
Event: 0.376 loading class com/android/dx/ssa/back/FirstFitLocalCombiningAllocator$Multiset done
Event: 0.377 loading class com/android/dx/dex/file/MethodAnnotationStruct
Event: 0.377 loading class com/android/dx/dex/file/MethodAnnotationStruct done


Dynamic libraries:
0x000000013f7a0000 - 0x000000013f7d1000 	C:\Program Files\Android\Android Studio\jre\bin\java.exe
0x0000000077890000 - 0x0000000077a3a000 	C:\Windows\SYSTEM32\ntdll.dll
0x0000000077770000 - 0x000000007788f000 	C:\Windows\system32\kernel32.dll
0x000007fefdb30000 - 0x000007fefdb9a000 	C:\Windows\system32\KERNELBASE.dll
0x000007fefe470000 - 0x000007fefe54b000 	C:\Windows\system32\ADVAPI32.dll
0x000007fefe6e0000 - 0x000007fefe77f000 	C:\Windows\system32\msvcrt.dll
0x000007fefdff0000 - 0x000007fefe00f000 	C:\Windows\SYSTEM32\sechost.dll
0x000007feff780000 - 0x000007feff8ad000 	C:\Windows\system32\RPCRT4.dll
0x0000000077670000 - 0x000000007776a000 	C:\Windows\system32\USER32.dll
0x000007feff8b0000 - 0x000007feff917000 	C:\Windows\system32\GDI32.dll
0x000007fefe6d0000 - 0x000007fefe6de000 	C:\Windows\system32\LPK.dll
0x000007fefe080000 - 0x000007fefe14a000 	C:\Windows\system32\USP10.dll
0x000007fefc110000 - 0x000007fefc304000 	C:\Windows\WinSxS\amd64_microsoft.windows.common-controls_6595b64144ccf1df_6.0.7601.18837_none_fa3b1e3d17594757\COMCTL32.dll
0x000007fefe5f0000 - 0x000007fefe661000 	C:\Windows\system32\SHLWAPI.dll
0x000007feffad0000 - 0x000007feffafe000 	C:\Windows\system32\IMM32.DLL
0x000007fefe360000 - 0x000007fefe469000 	C:\Windows\system32\MSCTF.dll
0x000000006fb20000 - 0x000000006fbf2000 	C:\Program Files\Android\Android Studio\jre\jre\bin\msvcr100.dll
0x0000000067eb0000 - 0x00000000686e4000 	C:\Program Files\Android\Android Studio\jre\jre\bin\server\jvm.dll
0x000007fefbf50000 - 0x000007fefbf59000 	C:\Windows\system32\WSOCK32.dll
0x000007fefe010000 - 0x000007fefe05d000 	C:\Windows\system32\WS2_32.dll
0x000007feff510000 - 0x000007feff518000 	C:\Windows\system32\NSI.dll
0x000007fefae90000 - 0x000007fefaecb000 	C:\Windows\system32\WINMM.dll
0x000007fefc8d0000 - 0x000007fefc8dc000 	C:\Windows\system32\VERSION.dll
0x0000000077a60000 - 0x0000000077a67000 	C:\Windows\system32\PSAPI.DLL
0x000007fefbf40000 - 0x000007fefbf4f000 	C:\Program Files\Android\Android Studio\jre\jre\bin\verify.dll
0x000007fef5190000 - 0x000007fef51b9000 	C:\Program Files\Android\Android Studio\jre\jre\bin\java.dll
0x000007fef5690000 - 0x000007fef56a6000 	C:\Program Files\Android\Android Studio\jre\jre\bin\zip.dll
0x000007fefe780000 - 0x000007feff509000 	C:\Windows\system32\SHELL32.dll
0x000007fefe150000 - 0x000007fefe353000 	C:\Windows\system32\ole32.dll
0x000007fefd790000 - 0x000007fefd79f000 	C:\Windows\system32\profapi.dll

VM Arguments:
jvm_args: -Djava.awt.headless=true -Xmx1024M -Dfile.encoding=GBK -Duser.country=CN -Duser.language=zh -Duser.variant 
java_command: com.android.dx.command.Main --dex --force-jumbo --num-threads=4 --multi-dex --output G:\GIT\DakaiNote_Source\app\build\intermediates\transforms\dex\debug\folders\1000\2\ShareSDK-Wechat-2.7.8_8451cc588b190ae267ea5b3a87637412d3074413 G:\GIT\DakaiNote_Source\app\libs\ShareSDK-Wechat-2.7.8.jar
java_class_path (initial): E:\SDK\build-tools\23.0.2\lib\dx.jar
Launcher Type: SUN_STANDARD

Environment Variables:
JAVA_HOME=C:\Program Files\Java\jdk1.8.0_73
CLASSPATH=.;C:\Program Files\Java\jdk1.8.0_73\lib;C:\Program Files\Java\jdk1.8.0_73\lib\tools.jar
PATH=D:\MyPython\;D:\MyPython\Scripts;C:\ProgramData\Oracle\Java\javapath;C:\Windows\system32;C:\Windows;C:\Windows\System32\Wbem;C:\Windows\System32\WindowsPowerShell\v1.0\;C:\Program Files (x86)\Common Files\microsoft shared\TigerKin;C:\Program Files (x86)\NVIDIA Corporation\PhysX\Common;C:\Program Files (x86)\Common Files\microsoft shared\TigerKin;C:\Program Files\Java\jdk1.8.0_73\bin;C:\Program Files\Java\jdk1.8.0_73\jre\bin;C:\Users\admin\AppData\Local\Android\sdk\platform-tools;C:\Users\admin\AppData\Local\Programs\Python\Python35\Scripts\;C:\Users\admin\AppData\Local\Programs\Python\Python35\
USERNAME=admin
OS=Windows_NT
PROCESSOR_IDENTIFIER=Intel64 Family 6 Model 60 Stepping 3, GenuineIntel



---------------  S Y S T E M  ---------------

OS: Windows 7 , 64 bit Build 7601 (6.1.7601.23543)

CPU:total 4 (4 cores per cpu, 1 threads per core) family 6 model 60 stepping 3, cmov, cx8, fxsr, mmx, sse, sse2, sse3, ssse3, sse4.1, sse4.2, popcnt, avx, avx2, aes, clmul, erms, rtm, lzcnt, tsc, tscinvbit, bmi1, bmi2

Memory: 4k page, physical 8353940k(1829312k free), swap 9400656k(5112k free)

vm_info: OpenJDK 64-Bit Server VM (25.76-b03) for windows-amd64 JRE (1.8.0_76-release-b03), built on Jun 29 2016 19:09:20 by "ralucas" with MS VC++ 10.0 (VS2010)

time: Sun Oct 30 22:38:22 2016
elapsed time: 0 seconds (0d 0h 0m 0s)

