
[error occurred during error reporting (printing stack bounds), id 0xc0000005]

Native frames: (J=compiled Java code, j=interpreted, Vv=VM code, C=native code)


Current CompileTask:
C2:     71   13       4       java.lang.String::length (6 bytes)


---------------  P R O C E S S  ---------------

Java Threads: ( => current thread )
  0x0000000056ce8800 JavaThread "Service Thread" daemon [_thread_blocked, id=4724, stack(0x00000000574b0000,0x00000000575b0000)]
  0x0000000056ce0800 JavaThread "C1 CompilerThread2" daemon [_thread_in_native, id=5356, stack(0x0000000057280000,0x0000000057380000)]
=>0x0000000056c87800 JavaThread "C2 CompilerThread1" daemon [_thread_in_native, id=5180, stack(0x00000000573a0000,0x00000000574a0000)]
  0x0000000054eef000 JavaThread "C2 CompilerThread0" daemon [_thread_in_native, id=7036, stack(0x0000000057140000,0x0000000057240000)]
  0x0000000056c79800 JavaThread "Attach Listener" daemon [_thread_blocked, id=1784, stack(0x0000000056250000,0x0000000056350000)]
  0x0000000056c78800 JavaThread "Signal Dispatcher" daemon [_thread_blocked, id=8968, stack(0x0000000055df0000,0x0000000055ef0000)]
  0x0000000054e87000 JavaThread "Finalizer" daemon [_thread_blocked, id=8812, stack(0x0000000056010000,0x0000000056110000)]
  0x0000000054e80000 JavaThread "Reference Handler" daemon [_thread_blocked, id=7568, stack(0x0000000056120000,0x0000000056220000)]
  0x00000000022ae800 JavaThread "main" [_thread_in_native, id=7172, stack(0x0000000002390000,0x0000000002490000)]

Other Threads:
  0x0000000054e7a800 VMThread [stack: 0x0000000055f10000,0x0000000056010000] [id=5448]

VM state:not at safepoint (normal execution)

VM Mutex/Monitor currently owned by a thread: None

Heap:
 PSYoungGen      total 38400K, used 1331K [0x00000000eab00000, 0x00000000ed580000, 0x0000000100000000)
  eden space 33280K, 4% used [0x00000000eab00000,0x00000000eac4cd80,0x00000000ecb80000)
  from space 5120K, 0% used [0x00000000ed080000,0x00000000ed080000,0x00000000ed580000)
  to   space 5120K, 0% used [0x00000000ecb80000,0x00000000ecb80000,0x00000000ed080000)
 ParOldGen       total 87552K, used 0K [0x00000000c0000000, 0x00000000c5580000, 0x00000000eab00000)
  object space 87552K, 0% used [0x00000000c0000000,0x00000000c0000000,0x00000000c5580000)
 Metaspace       used 2333K, capacity 4480K, committed 4480K, reserved 1056768K
  class space    used 254K, capacity 384K, committed 384K, reserved 1048576K

Card table byte_map: [0x0000000011850000,0x0000000011a60000] byte_map_base: 0x0000000011250000

Marking Bits: (ParMarkBitMap*) 0x0000000056bf0600
 Begin Bits: [0x00000000122f0000, 0x00000000132f0000)
 End Bits:   [0x00000000132f0000, 0x00000000142f0000)

Polling page: 0x00000000000a0000

CodeCache: size=245760Kb used=1072Kb max_used=1072Kb free=244687Kb
 bounds [0x0000000002490000, 0x0000000002700000, 0x0000000011490000]
 total_blobs=235 nmethods=9 adapters=140
 compilation: enabled

Compilation events (10 events):
Event: 0.067 Thread 0x0000000056ce0800 nmethod 5 0x000000000259a590 code [0x000000000259a740, 0x000000000259acb0]
Event: 0.067 Thread 0x0000000056ce0800    6       3       java.lang.CharacterDataLatin1::toLowerCase (39 bytes)
Event: 0.067 Thread 0x0000000056ce0800 nmethod 6 0x000000000259af10 code [0x000000000259b080, 0x000000000259b2f0]
Event: 0.067 Thread 0x0000000056ce0800    7       3       java.lang.CharacterDataLatin1::getProperties (11 bytes)
Event: 0.067 Thread 0x0000000056ce0800 nmethod 7 0x000000000259b450 code [0x000000000259b5a0, 0x000000000259b730]
Event: 0.068 Thread 0x0000000056ce0800    8       3       java.lang.String::indexOf (70 bytes)
Event: 0.068 Thread 0x0000000056ce0800 nmethod 8 0x000000000259b810 code [0x000000000259b9a0, 0x000000000259bd28]
Event: 0.069 Thread 0x0000000054eef000   10       4       java.util.TreeMap::parentOf (13 bytes)
Event: 0.069 Thread 0x0000000056ce0800   12       3       java.lang.Math::min (11 bytes)
Event: 0.069 Thread 0x0000000056c87800   13       4       java.lang.String::length (6 bytes)

GC Heap History (0 events):
No events

Deoptimization events (0 events):
No events

Internal exceptions (2 events):
Event: 0.031 Thread 0x00000000022ae800 Exception <a 'java/lang/NoSuchMethodError': Method sun.misc.Unsafe.defineClass(Ljava/lang/String;[BII)Ljava/lang/Class; name or signature does not match> (0x00000000eab12d48) thrown at [D:\re\puppet\workspace\8-2-build-windows-amd64-cygwin\jdk8u73\6086\hot‰ı·G£†?
Event: 0.031 Thread 0x00000000022ae800 Exception <a 'java/lang/NoSuchMethodError': Method sun.misc.Unsafe.prefetchRead(Ljava/lang/Object;J)V name or signature does not match> (0x00000000eab13030) thrown at [D:\re\puppet\workspace\8-2-build-windows-amd64-cygwin\jdk8u73\6086\hotspot\src\share\vm\

Events (10 events):
Event: 0.069 loading class java/util/HashMap$EntrySet done
Event: 0.069 loading class java/lang/ProcessEnvironment$CheckedEntrySet$1
Event: 0.069 loading class java/lang/ProcessEnvironment$CheckedEntrySet$1 done
Event: 0.069 loading class java/util/HashMap$EntryIterator
Event: 0.069 loading class java/util/HashMap$HashIterator
Event: 0.069 loading class java/util/HashMap$HashIterator done
Event: 0.069 loading class java/util/HashMap$EntryIterator done
Event: 0.069 loading class java/lang/ProcessEnvironment$CheckedEntry
Event: 0.069 loading class java/lang/ProcessEnvironment$CheckedEntry done
Event: 0.069 loading class sun/usagetracker/UsageTrackerClient$3


Dynamic libraries:
0x000000013f5c0000 - 0x000000013f5f7000 	C:\Program Files\Java\jdk1.8.0_73\bin\java.exe
0x00000000773c0000 - 0x000000007756a000 	C:\Windows\SYSTEM32\ntdll.dll
0x00000000772a0000 - 0x00000000773bf000 	C:\Windows\system32\kernel32.dll
0x000007fefd620000 - 0x000007fefd68b000 	C:\Windows\system32\KERNELBASE.dll
0x000007fefec60000 - 0x000007fefed3b000 	C:\Windows\system32\ADVAPI32.dll
0x000007fefebc0000 - 0x000007fefec5f000 	C:\Windows\system32\msvcrt.dll
0x000007fefed40000 - 0x000007fefed5f000 	C:\Windows\SYSTEM32\sechost.dll
0x000007fefefb0000 - 0x000007feff0dd000 	C:\Windows\system32\RPCRT4.dll
0x00000000771a0000 - 0x000000007729a000 	C:\Windows\system32\USER32.dll
0x000007fefd720000 - 0x000007fefd787000 	C:\Windows\system32\GDI32.dll
0x000007fefebb0000 - 0x000007fefebbe000 	C:\Windows\system32\LPK.dll
0x000007fefd8c0000 - 0x000007fefd98a000 	C:\Windows\system32\USP10.dll
0x000007fefbd70000 - 0x000007fefbf64000 	C:\Windows\WinSxS\amd64_microsoft.windows.common-controls_6595b64144ccf1df_6.0.7601.18837_none_fa3b1e3d17594757\COMCTL32.dll
0x000007feff570000 - 0x000007feff5e1000 	C:\Windows\system32\SHLWAPI.dll
0x000007feff0e0000 - 0x000007feff10e000 	C:\Windows\system32\IMM32.DLL
0x000007fefd7b0000 - 0x000007fefd8b9000 	C:\Windows\system32\MSCTF.dll
0x000000006e930000 - 0x000000006ea02000 	C:\Program Files\Java\jdk1.8.0_73\jre\bin\msvcr100.dll
0x00000000563e0000 - 0x0000000056c70000 	C:\Program Files\Java\jdk1.8.0_73\jre\bin\server\jvm.dll
0x000007fef3e20000 - 0x000007fef3e29000 	C:\Windows\system32\WSOCK32.dll
0x000007fefd6d0000 - 0x000007fefd71d000 	C:\Windows\system32\WS2_32.dll
0x000007fefef40000 - 0x000007fefef48000 	C:\Windows\system32\NSI.dll
0x000007fefa8f0000 - 0x000007fefa92b000 	C:\Windows\system32\WINMM.dll
0x000007fefc400000 - 0x000007fefc40c000 	C:\Windows\system32\VERSION.dll
0x0000000077590000 - 0x0000000077597000 	C:\Windows\system32\PSAPI.DLL
0x00000000713a0000 - 0x00000000713af000 	C:\Program Files\Java\jdk1.8.0_73\jre\bin\verify.dll
0x000000006a850000 - 0x000000006a879000 	C:\Program Files\Java\jdk1.8.0_73\jre\bin\java.dll
0x000000006eeb0000 - 0x000000006eec6000 	C:\Program Files\Java\jdk1.8.0_73\jre\bin\zip.dll
0x000007fefdbc0000 - 0x000007fefe949000 	C:\Windows\system32\SHELL32.dll
0x000007feff360000 - 0x000007feff563000 	C:\Windows\system32\ole32.dll
0x000007fefd2c0000 - 0x000007fefd2cf000 	C:\Windows\system32\profapi.dll

VM Arguments:
jvm_args: -Djava.awt.headless=true -Xmx1024M -Dfile.encoding=GBK -Duser.country=CN -Duser.language=zh -Duser.variant 
java_command: com.android.dx.command.Main --dex --output G:\GIT\DakaiNote_Source\app\build\intermediates\pre-dexed\debug\com.facebook.fresco-fresco-0.12.0_5fef4648b2adb4d4fd0a703db0272533dc3bb3de.jar G:\GIT\DakaiNote_Source\app\build\intermediates\exploded-aar\com.facebook.fresco\fresco\0.12.0\jars\classes.jar
java_class_path (initial): D:\SDK\build-tools\22.0.1\lib\dx.jar
Launcher Type: SUN_STANDARD

Environment Variables:
JAVA_HOME=C:\Program Files\Java\jdk1.8.0_73
CLASSPATH=.;C:\Program Files\Java\jdk1.8.0_73\lib;C:\Program Files\Java\jdk1.8.0_73\lib\tools.jar
PATH=D:\MyPython\;D:\MyPython\Scripts;C:\ProgramData\Oracle\Java\javapath;C:\Windows\system32;C:\Windows;C:\Windows\System32\Wbem;C:\Windows\System32\WindowsPowerShell\v1.0\;C:\Program Files (x86)\Common Files\microsoft shared\TigerKin;C:\Program Files (x86)\NVIDIA Corporation\PhysX\Common;C:\Program Files (x86)\Common Files\microsoft shared\TigerKin;C:\Program Files\Java\jdk1.8.0_73\bin;C:\Program Files\Java\jdk1.8.0_73\jre\bin;C:\Users\admin\AppData\Local\Android\sdk\platform-tools;C:\Users\admin\AppData\Local\Programs\Python\Python35\Scripts\;C:\Users\admin\AppData\Local\Programs\Python\Python35\
USERNAME=admin
OS=Windows_NT
PROCESSOR_IDENTIFIER=Intel64 Family 6 Model 60 Stepping 3, GenuineIntel



---------------  S Y S T E M  ---------------

OS: Windows 7 , 64 bit Build 7601 (6.1.7601.19160)

CPU:total 4 (4 cores per cpu, 1 threads per core) family 6 model 60 stepping 3, cmov, cx8, fxsr, mmx, sse, sse2, sse3, ssse3, sse4.1, sse4.2, popcnt, avx, avx2, aes, clmul, erms, rtm, lzcnt, tsc, tscinvbit, bmi1, bmi2

Memory: 4k page, physical 8353940k(1461808k free), swap 9400680k(4792k free)

vm_info: Java HotSpot(TM) 64-Bit Server VM (25.73-b02) for windows-amd64 JRE (1.8.0_73-b02), built on Jan 29 2016 17:38:49 by "java_re" with MS VC++ 10.0 (VS2010)

time: Sun Sep 04 21:56:27 2016
elapsed time: 0 seconds (0d 0h 0m 0s)

