#
# There is insufficient memory for the Java Runtime Environment to continue.
# Native memory allocation (malloc) failed to allocate 32744 bytes for ChunkPool::allocate
# Possible reasons:
#   The system is out of physical RAM or swap space
#   In 32 bit mode, the process size limit was hit
# Possible solutions:
#   Reduce memory load on the system
#   Increase physical memory or swap space
#   Check if swap backing store is full
#   Use 64 bit Java on a 64 bit OS
#   Decrease Java heap size (-Xmx/-Xms)
#   Decrease number of Java threads
#   Decrease Java thread stack sizes (-Xss)
#   Set larger code cache with -XX:ReservedCodeCacheSize=
# This output file may be truncated or incomplete.
#
#  Out of Memory Error (allocation.cpp:273), pid=7592, tid=0x0000000000001ea8
#
# JRE version: OpenJDK Runtime Environment (8.0_76-b03) (build 1.8.0_76-release-b03)
# Java VM: OpenJDK 64-Bit Server VM (25.76-b03 mixed mode windows-amd64 compressed oops)
# Failed to write core dump. Minidumps are not enabled by default on client versions of Windows
#

---------------  T H R E A D  ---------------

Current thread (0x0000000056129800):  JavaThread "C2 CompilerThread1" daemon [_thread_in_native, id=7848, stack(0x00000000568b0000,0x00000000569b0000)]

Stack: [0x00000000568b0000,0x00000000569b0000]
[error occurred during error reporting (printing stack bounds), id 0xc0000005]

Native frames: (J=compiled Java code, j=interpreted, Vv=VM code, C=native code)


Current CompileTask:
C2:    222  492       4       java.util.BitSet::nextSetBit (102 bytes)


---------------  P R O C E S S  ---------------

Java Threads: ( => current thread )
  0x00000000562ff800 JavaThread "pool-2-thread-2" [_thread_in_Java, id=12064, stack(0x0000000057190000,0x0000000057290000)]
  0x00000000562e5000 JavaThread "pool-3-thread-1" [_thread_blocked, id=8976, stack(0x0000000057360000,0x0000000057460000)]
  0x00000000562e4800 JavaThread "pool-2-thread-1" [_thread_in_Java, id=11140, stack(0x0000000057080000,0x0000000057180000)]
  0x00000000561b1000 JavaThread "Service Thread" daemon [_thread_blocked, id=11660, stack(0x0000000056d20000,0x0000000056e20000)]
  0x000000005612a800 JavaThread "C1 CompilerThread2" daemon [_thread_in_native, id=8284, stack(0x0000000056ba0000,0x0000000056ca0000)]
=>0x0000000056129800 JavaThread "C2 CompilerThread1" daemon [_thread_in_native, id=7848, stack(0x00000000568b0000,0x00000000569b0000)]
  0x000000005611b800 JavaThread "C2 CompilerThread0" daemon [_thread_blocked, id=6924, stack(0x00000000569d0000,0x0000000056ad0000)]
  0x000000005611a800 JavaThread "Attach Listener" daemon [_thread_blocked, id=4116, stack(0x00000000565a0000,0x00000000566a0000)]
  0x0000000054e2f800 JavaThread "Signal Dispatcher" daemon [_thread_blocked, id=8816, stack(0x0000000056700000,0x0000000056800000)]
  0x0000000054e0a800 JavaThread "Finalizer" daemon [_thread_blocked, id=9836, stack(0x0000000055ec0000,0x0000000055fc0000)]
  0x0000000054dc3800 JavaThread "Reference Handler" daemon [_thread_blocked, id=9532, stack(0x0000000056010000,0x0000000056110000)]
  0x000000000227e800 JavaThread "main" [_thread_blocked, id=7940, stack(0x0000000002440000,0x0000000002540000)]

Other Threads:
  0x0000000054db8000 VMThread [stack: 0x0000000055d60000,0x0000000055e60000] [id=6676]
  0x00000000561b4800 WatcherThread [stack: 0x0000000056ec0000,0x0000000056fc0000] [id=6344]

VM state:not at safepoint (normal execution)

VM Mutex/Monitor currently owned by a thread: None

Heap:
 PSYoungGen      total 38400K, used 11356K [0x00000000eab00000, 0x00000000ed580000, 0x0000000100000000)
  eden space 33280K, 34% used [0x00000000eab00000,0x00000000eb6171f0,0x00000000ecb80000)
  from space 5120K, 0% used [0x00000000ed080000,0x00000000ed080000,0x00000000ed580000)
  to   space 5120K, 0% used [0x00000000ecb80000,0x00000000ecb80000,0x00000000ed080000)
 ParOldGen       total 87552K, used 0K [0x00000000c0000000, 0x00000000c5580000, 0x00000000eab00000)
  object space 87552K, 0% used [0x00000000c0000000,0x00000000c0000000,0x00000000c5580000)
 Metaspace       used 5457K, capacity 6448K, committed 6528K, reserved 1056768K
  class space    used 574K, capacity 616K, committed 640K, reserved 1048576K

Card table byte_map: [0x0000000011900000,0x0000000011b10000] byte_map_base: 0x0000000011300000

Marking Bits: (ParMarkBitMap*) 0x0000000068669d00
 Begin Bits: [0x0000000012230000, 0x0000000013230000)
 End Bits:   [0x0000000013230000, 0x0000000014230000)

Polling page: 0x0000000000220000

CodeCache: size=245760Kb used=1964Kb max_used=1975Kb free=243795Kb
 bounds [0x0000000002540000, 0x00000000027b0000, 0x0000000011540000]
 total_blobs=742 nmethods=472 adapters=184
 compilation: enabled

Compilation events (10 events):
Event: 0.215 Thread 0x000000005612a800  470       3       java.util.BitSet::ensureCapacity (39 bytes)
Event: 0.215 Thread 0x000000005612a800 nmethod 470 0x000000000272b050 code [0x000000000272b1e0, 0x000000000272b6a8]
Event: 0.215 Thread 0x000000005612a800  471       3       com.android.dx.rop.code.RegisterSpec::makeLocalOptional (7 bytes)
Event: 0.215 Thread 0x000000005612a800 nmethod 471 0x0000000002726f10 code [0x0000000002727080, 0x00000000027271e8]
Event: 0.215 Thread 0x000000005612a800  466   !   3       com.android.dx.cf.code.BytecodeArray::parseInstruction (2764 bytes)
Event: 0.217 Thread 0x0000000056129800  486   !   4       com.android.dx.util.IntList::get (36 bytes)
Event: 0.218 Thread 0x000000005611b800  487       4       java.util.ArrayList::add (29 bytes)
Event: 0.218 Thread 0x0000000056129800 nmethod 486 0x000000000272e510 code [0x000000000272e640, 0x000000000272e6d8]
Event: 0.220 Thread 0x000000005611b800 nmethod 487 0x000000000272c910 code [0x000000000272ca60, 0x000000000272cd68]
Event: 0.221 Thread 0x0000000056129800  492       4       java.util.BitSet::nextSetBit (102 bytes)

GC Heap History (0 events):
No events

Deoptimization events (2 events):
Event: 0.104 Thread 0x000000000227e800 Uncommon trap: reason=unstable_if action=reinterpret pc=0x000000000267db84 method=java.lang.String.indexOf(II)I @ 49
Event: 0.213 Thread 0x00000000562e4800 Uncommon trap: reason=unstable_if action=reinterpret pc=0x000000000271fc74 method=java.util.HashMap.getNode(ILjava/lang/Object;)Ljava/util/HashMap$Node; @ 62

Internal exceptions (2 events):
Event: 0.018 Thread 0x000000000227e800 Exception <a 'java/lang/NoSuchMethodError': Method sun.misc.Unsafe.defineClass(Ljava/lang/String;[BII)Ljava/lang/Class; name or signature does not match> (0x00000000eab07cc0) thrown at [C:\src\android\AOSP-openjdk\external\jetbrains\jdk\hotspot\src\share\v²4ð_³Ø’?
Event: 0.018 Thread 0x000000000227e800 Exception <a 'java/lang/NoSuchMethodError': Method sun.misc.Unsafe.prefetchRead(Ljava/lang/Object;J)V name or signature does not match> (0x00000000eab07fa8) thrown at [C:\src\android\AOSP-openjdk\external\jetbrains\jdk\hotspot\src\share\vm\prims\jni.cpp, l

Events (10 events):
Event: 0.203 loading class com/android/dx/cf/code/Ropper$ExceptionHandlerSetup
Event: 0.203 loading class com/android/dx/cf/code/Ropper$ExceptionHandlerSetup done
Event: 0.213 loading class java/util/HashMap$Values
Event: 0.213 loading class java/util/HashMap$Values done
Event: 0.213 loading class java/util/HashMap$ValueIterator
Event: 0.213 loading class java/util/HashMap$ValueIterator done
Event: 0.213 Thread 0x00000000562e4800 Uncommon trap: trap_request=0xffffff65 fr.pc=0x000000000271fc74
Event: 0.213 Thread 0x00000000562e4800 DEOPT PACKING pc=0x000000000271fc74 sp=0x000000005717e7f0
Event: 0.213 Thread 0x00000000562e4800 DEOPT UNPACKING pc=0x000000000258556a sp=0x000000005717e768 mode 2
Event: 0.217 Thread 0x000000005631d000 Thread exited: 0x000000005631d000


Dynamic libraries:
0x000000013f7a0000 - 0x000000013f7d1000 	C:\Program Files\Android\Android Studio\jre\bin\java.exe
0x0000000077890000 - 0x0000000077a3a000 	C:\Windows\SYSTEM32\ntdll.dll
0x0000000077770000 - 0x000000007788f000 	C:\Windows\system32\kernel32.dll
0x000007fefdb30000 - 0x000007fefdb9a000 	C:\Windows\system32\KERNELBASE.dll
0x000007fefe470000 - 0x000007fefe54b000 	C:\Windows\system32\ADVAPI32.dll
0x000007fefe6e0000 - 0x000007fefe77f000 	C:\Windows\system32\msvcrt.dll
0x000007fefdff0000 - 0x000007fefe00f000 	C:\Windows\SYSTEM32\sechost.dll
0x000007feff780000 - 0x000007feff8ad000 	C:\Windows\system32\RPCRT4.dll
0x0000000077670000 - 0x000000007776a000 	C:\Windows\system32\USER32.dll
0x000007feff8b0000 - 0x000007feff917000 	C:\Windows\system32\GDI32.dll
0x000007fefe6d0000 - 0x000007fefe6de000 	C:\Windows\system32\LPK.dll
0x000007fefe080000 - 0x000007fefe14a000 	C:\Windows\system32\USP10.dll
0x000007fefc110000 - 0x000007fefc304000 	C:\Windows\WinSxS\amd64_microsoft.windows.common-controls_6595b64144ccf1df_6.0.7601.18837_none_fa3b1e3d17594757\COMCTL32.dll
0x000007fefe5f0000 - 0x000007fefe661000 	C:\Windows\system32\SHLWAPI.dll
0x000007feffad0000 - 0x000007feffafe000 	C:\Windows\system32\IMM32.DLL
0x000007fefe360000 - 0x000007fefe469000 	C:\Windows\system32\MSCTF.dll
0x000000006fb20000 - 0x000000006fbf2000 	C:\Program Files\Android\Android Studio\jre\jre\bin\msvcr100.dll
0x0000000067eb0000 - 0x00000000686e4000 	C:\Program Files\Android\Android Studio\jre\jre\bin\server\jvm.dll
0x000007fefbf50000 - 0x000007fefbf59000 	C:\Windows\system32\WSOCK32.dll
0x000007fefe010000 - 0x000007fefe05d000 	C:\Windows\system32\WS2_32.dll
0x000007feff510000 - 0x000007feff518000 	C:\Windows\system32\NSI.dll
0x000007fefae90000 - 0x000007fefaecb000 	C:\Windows\system32\WINMM.dll
0x000007fefc8d0000 - 0x000007fefc8dc000 	C:\Windows\system32\VERSION.dll
0x0000000077a60000 - 0x0000000077a67000 	C:\Windows\system32\PSAPI.DLL
0x000007fefbf40000 - 0x000007fefbf4f000 	C:\Program Files\Android\Android Studio\jre\jre\bin\verify.dll
0x000007fef5190000 - 0x000007fef51b9000 	C:\Program Files\Android\Android Studio\jre\jre\bin\java.dll
0x000007fef5690000 - 0x000007fef56a6000 	C:\Program Files\Android\Android Studio\jre\jre\bin\zip.dll
0x000007fefe780000 - 0x000007feff509000 	C:\Windows\system32\SHELL32.dll
0x000007fefe150000 - 0x000007fefe353000 	C:\Windows\system32\ole32.dll
0x000007fefd790000 - 0x000007fefd79f000 	C:\Windows\system32\profapi.dll

VM Arguments:
jvm_args: -Djava.awt.headless=true -Xmx1024M -Dfile.encoding=GBK -Duser.country=CN -Duser.language=zh -Duser.variant 
java_command: com.android.dx.command.Main --dex --force-jumbo --num-threads=4 --multi-dex --output G:\GIT\DakaiNote_Source\app\build\intermediates\transforms\dex\debug\folders\1000\2\ShareSDK-Email-2.7.8_d0e1bfd7ec7908fa386f8198bcfb646d85783f06 G:\GIT\DakaiNote_Source\app\libs\ShareSDK-Email-2.7.8.jar
java_class_path (initial): E:\SDK\build-tools\23.0.2\lib\dx.jar
Launcher Type: SUN_STANDARD

Environment Variables:
JAVA_HOME=C:\Program Files\Java\jdk1.8.0_73
CLASSPATH=.;C:\Program Files\Java\jdk1.8.0_73\lib;C:\Program Files\Java\jdk1.8.0_73\lib\tools.jar
PATH=D:\MyPython\;D:\MyPython\Scripts;C:\ProgramData\Oracle\Java\javapath;C:\Windows\system32;C:\Windows;C:\Windows\System32\Wbem;C:\Windows\System32\WindowsPowerShell\v1.0\;C:\Program Files (x86)\Common Files\microsoft shared\TigerKin;C:\Program Files (x86)\NVIDIA Corporation\PhysX\Common;C:\Program Files (x86)\Common Files\microsoft shared\TigerKin;C:\Program Files\Java\jdk1.8.0_73\bin;C:\Program Files\Java\jdk1.8.0_73\jre\bin;C:\Users\admin\AppData\Local\Android\sdk\platform-tools;C:\Users\admin\AppData\Local\Programs\Python\Python35\Scripts\;C:\Users\admin\AppData\Local\Programs\Python\Python35\
USERNAME=admin
OS=Windows_NT
PROCESSOR_IDENTIFIER=Intel64 Family 6 Model 60 Stepping 3, GenuineIntel



---------------  S Y S T E M  ---------------

OS: Windows 7 , 64 bit Build 7601 (6.1.7601.23543)

CPU:total 4 (4 cores per cpu, 1 threads per core) family 6 model 60 stepping 3, cmov, cx8, fxsr, mmx, sse, sse2, sse3, ssse3, sse4.1, sse4.2, popcnt, avx, avx2, aes, clmul, erms, rtm, lzcnt, tsc, tscinvbit, bmi1, bmi2

Memory: 4k page, physical 8353940k(1850480k free), swap 9400656k(5084k free)

vm_info: OpenJDK 64-Bit Server VM (25.76-b03) for windows-amd64 JRE (1.8.0_76-release-b03), built on Jun 29 2016 19:09:20 by "ralucas" with MS VC++ 10.0 (VS2010)

time: Sun Oct 30 22:38:20 2016
elapsed time: 0 seconds (0d 0h 0m 0s)

