#
# A fatal error has been detected by the Java Runtime Environment:
#
#  EXCEPTION_STACK_OVERFLOW (0xc00000fd) at pc=0x000000005eb5aeb7, pid=9716, tid=0x0000000000002624
#
# JRE version:  (8.0_76-b03) (build )
# Java VM: OpenJDK 64-Bit Server VM (25.76-b03 mixed mode windows-amd64 compressed oops)
# Problematic frame:
# V  [jvm.dll+0x1eaeb7]
#
# Failed to write core dump. Minidumps are not enabled by default on client versions of Windows
#
# If you would like to submit a bug report, please visit:
#   http://bugreport.java.com/bugreport/crash.jsp
#

---------------  T H R E A D  ---------------

Current thread (0x0000000054e51800):  JavaThread "Finalizer" daemon [_thread_in_vm, id=9764, stack(0x0000000056230000,0x0000000056330000)]

siginfo: ExceptionCode=0xc00000fd, ExceptionInformation=0x0000000000000001 0x000000005632d900 

Registers:
RAX=0x000000005632d900, RBX=0x0000000000000003, RCX=0x0000000000002000, RDX=0x0000000000000006
RSP=0x000000005632f900, RBP=0x0000000000000000, RSI=0x000000005632f900, RDI=0x0000000000000003
R8 =0x0000000000000006, R9 =0x0000000054d64110, R10=0x0000000054576130, R11=0x000000005623a160
R12=0x0000000054d64110, R13=0x0000000054e51800, R14=0x000000005632f9c8, R15=0x0000000054576130
RIP=0x000000005eb5aeb7, EFLAGS=0x0000000000010206

Top of Stack: (sp=0x000000005632f900)
0x000000005632f900:   0000000000000138 0000000054e53338
0x000000005632f910:   0000000054e51800 0000000054d64110
0x000000005632f920:   00000000ffffffff 000000005eb5bde7
0x000000005632f930:   000000005632fa30 0000000054576130
0x000000005632f940:   0000000054e51800 000000005ea0aa53
0x000000005632f950:   000000005632f990 0000000054e51800
0x000000005632f960:   000000005632fa20 0000000054e51800
0x000000005632f970:   0000000054576130 0000000054e51800
0x000000005632f980:   0000000002590e00 0000000054e51800
0x000000005632f990:   0000000054576130 0000000054e51800
0x000000005632f9a0:   00000000544ad900 0000000054e51800
0x000000005632f9b0:   0000000000000001 0000000054576130
0x000000005632f9c0:   0000000054e51800 0000000054e52030
0x000000005632f9d0:   0000000054e51800 000000005ea0bf3d
0x000000005632f9e0:   000000005632fce8 00000000144866b0
0x000000005632f9f0:   000000001449c500 0000000054e57530 

Instructions: (pc=0x000000005eb5aeb7)
0x000000005eb5ae97:   48 89 6c 24 30 33 ed 66 90 e8 4b b8 07 00 ff c3
0x000000005eb5aea7:   48 63 c8 48 8b c6 48 0f af cf 48 ff c7 48 2b c1
0x000000005eb5aeb7:   89 28 48 63 c3 48 3b 05 cd d6 56 00 7e db 48 8b
0x000000005eb5aec7:   6c 24 30 48 8b 5c 24 38 48 8b 74 24 40 48 83 c4 


Register to memory mapping:

RAX=0x000000005632d900 is pointing into the stack for thread: 0x0000000054e51800
RBX=0x0000000000000003 is an unknown value
RCX=0x0000000000002000 is an unknown value
RDX=0x0000000000000006 is an unknown value
RSP=0x000000005632f900 is pointing into the stack for thread: 0x0000000054e51800
RBP=0x0000000000000000 is an unknown value
RSI=0x000000005632f900 is pointing into the stack for thread: 0x0000000054e51800
RDI=0x0000000000000003 is an unknown value
R8 =0x0000000000000006 is an unknown value
R9 =0x0000000054d64110 is an unknown value
R10={method} {0x0000000054576138} 'run' '()V' in 'java/lang/ref/Finalizer$FinalizerThread'
R11=0x000000005623a160 is pointing into the stack for thread: 0x0000000054e51800
R12=0x0000000054d64110 is an unknown value
R13=0x0000000054e51800 is a thread
R14=0x000000005632f9c8 is pointing into the stack for thread: 0x0000000054e51800
R15={method} {0x0000000054576138} 'run' '()V' in 'java/lang/ref/Finalizer$FinalizerThread'


Stack: [0x0000000056230000,0x0000000056330000],  sp=0x000000005632f900,  free space=1022k
