#
# There is insufficient memory for the Java Runtime Environment to continue.
# Native memory allocation (malloc) failed to allocate 32744 bytes for ChunkPool::allocate
# Possible reasons:
#   The system is out of physical RAM or swap space
#   In 32 bit mode, the process size limit was hit
# Possible solutions:
#   Reduce memory load on the system
#   Increase physical memory or swap space
#   Check if swap backing store is full
#   Use 64 bit Java on a 64 bit OS
#   Decrease Java heap size (-Xmx/-Xms)
#   Decrease number of Java threads
#   Decrease Java thread stack sizes (-Xss)
#   Set larger code cache with -XX:ReservedCodeCacheSize=
# This output file may be truncated or incomplete.
#
#  Out of Memory Error (allocation.cpp:273), pid=7928, tid=8260
#
# JRE version: Java(TM) SE Runtime Environment (8.0_73-b02) (build 1.8.0_73-b02)
# Java VM: Java HotSpot(TM) 64-Bit Server VM (25.73-b02 mixed mode windows-amd64 compressed oops)
# Failed to write core dump. Minidumps are not enabled by default on client versions of Windows
#

---------------  T H R E A D  ---------------

Current thread (0x00000000561b4000):  JavaThread "C2 CompilerThread1" daemon [_thread_in_native, id=8260, stack(0x0000000055d10000,0x0000000055e10000)]

Stack: [0x0000000055d10000,0x0000000055e10000]
[error occurred during error reporting (printing stack bounds), id 0xc0000005]

Native frames: (J=compiled Java code, j=interpreted, Vv=VM code, C=native code)


Current CompileTask:
C2:   4679 1814   !   4      
[error occurred during error reporting (printing current compile task), id 0xe0000001]


---------------  P R O C E S S  ---------------

Java Threads: ( => current thread )
  0x00000000572d1800 JavaThread "pool-1-thread-4" [_thread_blocked, id=9108, stack(0x0000000056b20000,0x0000000056c20000)]
  0x0000000056589800 JavaThread "pool-1-thread-3" [_thread_blocked, id=8548, stack(0x0000000057ae0000,0x0000000057be0000)]
  0x00000000564f3000 JavaThread "pool-1-thread-2" [_thread_blocked, id=7024, stack(0x00000000571c0000,0x00000000572c0000)]
  0x0000000056431800 JavaThread "pool-2-thread-1" [_thread_blocked, id=6968, stack(0x0000000056fc0000,0x00000000570c0000)]
  0x000000005642f000 JavaThread "pool-1-thread-1" [_thread_blocked, id=980, stack(0x0000000056e60000,0x0000000056f60000)]
  0x00000000561c2800 JavaThread "Service Thread" daemon [_thread_blocked, id=8416, stack(0x00000000569f0000,0x0000000056af0000)]
  0x00000000561b5000 JavaThread "C1 CompilerThread2" daemon [_thread_in_vm, id=8780, stack(0x00000000568c0000,0x00000000569c0000)]
=>0x00000000561b4000 JavaThread "C2 CompilerThread1" daemon [_thread_in_native, id=8260, stack(0x0000000055d10000,0x0000000055e10000)]
  0x00000000561ab800 JavaThread "C2 CompilerThread0" daemon [_thread_in_native, id=7388, stack(0x00000000567c0000,0x00000000568c0000)]
  0x00000000561aa800 JavaThread "Attach Listener" daemon [_thread_blocked, id=8580, stack(0x00000000565f0000,0x00000000566f0000)]
  0x0000000054db9000 JavaThread "Signal Dispatcher" daemon [_thread_blocked, id=8984, stack(0x0000000055fa0000,0x00000000560a0000)]
  0x0000000054d62000 JavaThread "Finalizer" daemon [_thread_blocked, id=8360, stack(0x00000000560a0000,0x00000000561a0000)]
  0x0000000054d60800 JavaThread "Reference Handler" daemon [_thread_blocked, id=7480, stack(0x0000000055e60000,0x0000000055f60000)]
  0x000000000210e800 JavaThread "main" [_thread_blocked, id=8412, stack(0x0000000002130000,0x0000000002230000)]

Other Threads:
  0x0000000054d5b000 VMThread [stack: 0x0000000055be0000,0x0000000055ce0000] [id=6332]
  0x0000000056274800 WatcherThread [stack: 0x0000000056c40000,0x0000000056d40000] [id=8312]

VM state:not at safepoint (normal execution)

VM Mutex/Monitor currently owned by a thread: None

Heap:
 PSYoungGen      total 71680K, used 6574K [0x00000000eab00000, 0x00000000ef600000, 0x0000000100000000)
  eden space 66560K, 2% used [0x00000000eab00000,0x00000000eac704b8,0x00000000eec00000)
  from space 5120K, 99% used [0x00000000eec00000,0x00000000ef0fb570,0x00000000ef100000)
  to   space 5120K, 0% used [0x00000000ef100000,0x00000000ef100000,0x00000000ef600000)
 ParOldGen       total 87552K, used 15036K [0x00000000c0000000, 0x00000000c5580000, 0x00000000eab00000)
  object space 87552K, 17% used [0x00000000c0000000,0x00000000c0eaf2e8,0x00000000c5580000)
 Metaspace       used 6351K, capacity 7128K, committed 7424K, reserved 1056768K
  class space    used 628K, capacity 656K, committed 768K, reserved 1048576K

Card table byte_map: [0x0000000011690000,0x00000000118a0000] byte_map_base: 0x0000000011090000

Marking Bits: (ParMarkBitMap*) 0x000000005d6a0600
 Begin Bits: [0x00000000121d0000, 0x00000000131d0000)
 End Bits:   [0x00000000131d0000, 0x00000000141d0000)

Polling page: 0x0000000000320000

CodeCache: size=245760Kb used=8386Kb max_used=8386Kb free=237373Kb
 bounds [0x00000000022d0000, 0x0000000002b10000, 0x00000000112d0000]
 total_blobs=2070 nmethods=1799 adapters=184
 compilation: enabled

Compilation events (10 events):
Event: 4.391 Thread 0x00000000561b5000 1819       3       com.android.dx.dex.file.AnnotationSetItem::<init> (83 bytes)
Event: 4.392 Thread 0x00000000561b5000 nmethod 1819 0x0000000002ae44d0 code [0x0000000002ae4780, 0x0000000002ae5ba8]
Event: 4.392 Thread 0x00000000561b5000 1820   !   3       com.android.dx.dex.file.AnnotationSetItem::writeSize (20 bytes)
Event: 4.393 Thread 0x00000000561b5000 nmethod 1820 0x0000000002ad6c50 code [0x0000000002ad6dc0, 0x0000000002ad70e8]
Event: 4.422 Thread 0x00000000561b5000 1823       3       java.util.HashMap$TreeNode::find (172 bytes)
Event: 4.422 Thread 0x00000000561b5000 nmethod 1823 0x0000000002ad8550 code [0x0000000002ad8740, 0x0000000002ad9238]
Event: 4.423 Thread 0x00000000561b5000 1828       3       java.util.HashMap::resize (359 bytes)
Event: 4.424 Thread 0x00000000561b5000 nmethod 1828 0x0000000002addf50 code [0x0000000002ade1a0, 0x0000000002adf388]
Event: 4.452 Thread 0x00000000561b5000 1833       2       com.android.dx.ssa.PhiInsn::updateSourcesToDefinitions (68 bytes)
Event: 4.453 Thread 0x00000000561b5000 nmethod 1833 0x0000000002ae3bd0 code [0x0000000002ae3d80, 0x0000000002ae4138]

GC Heap History (6 events):
Event: 1.525 GC heap before
{Heap before GC invocations=1 (full 0):
 PSYoungGen      total 38400K, used 33280K [0x00000000eab00000, 0x00000000ed580000, 0x0000000100000000)
  eden space 33280K, 100% used [0x00000000eab00000,0x00000000ecb80000,0x00000000ecb80000)
  from space 5120K, 0% used [0x00000000ed080000,0x00000000ed080000,0x00000000ed580000)
  to   space 5120K, 0% used [0x00000000ecb80000,0x00000000ecb80000,0x00000000ed080000)
 ParOldGen       total 87552K, used 0K [0x00000000c0000000, 0x00000000c5580000, 0x00000000eab00000)
  object space 87552K, 0% used [0x00000000c0000000,0x00000000c0000000,0x00000000c5580000)
 Metaspace       used 6026K, capacity 6902K, committed 7040K, reserved 1056768K
  class space    used 605K, capacity 622K, committed 640K, reserved 1048576K
Event: 1.670 GC heap after
Heap after GC invocations=1 (full 0):
 PSYoungGen      total 38400K, used 5090K [0x00000000eab00000, 0x00000000ef600000, 0x0000000100000000)
  eden space 33280K, 0% used [0x00000000eab00000,0x00000000eab00000,0x00000000ecb80000)
  from space 5120K, 99% used [0x00000000ecb80000,0x00000000ed078ac8,0x00000000ed080000)
  to   space 5120K, 0% used [0x00000000ef100000,0x00000000ef100000,0x00000000ef600000)
 ParOldGen       total 87552K, used 1473K [0x00000000c0000000, 0x00000000c5580000, 0x00000000eab00000)
  object space 87552K, 1% used [0x00000000c0000000,0x00000000c0170468,0x00000000c5580000)
 Metaspace       used 6026K, capacity 6902K, committed 7040K, reserved 1056768K
  class space    used 605K, capacity 622K, committed 640K, reserved 1048576K
}
Event: 2.500 GC heap before
{Heap before GC invocations=2 (full 0):
 PSYoungGen      total 38400K, used 38370K [0x00000000eab00000, 0x00000000ef600000, 0x0000000100000000)
  eden space 33280K, 100% used [0x00000000eab00000,0x00000000ecb80000,0x00000000ecb80000)
  from space 5120K, 99% used [0x00000000ecb80000,0x00000000ed078ac8,0x00000000ed080000)
  to   space 5120K, 0% used [0x00000000ef100000,0x00000000ef100000,0x00000000ef600000)
 ParOldGen       total 87552K, used 1473K [0x00000000c0000000, 0x00000000c5580000, 0x00000000eab00000)
  object space 87552K, 1% used [0x00000000c0000000,0x00000000c0170468,0x00000000c5580000)
 Metaspace       used 6159K, capacity 7030K, committed 7296K, reserved 1056768K
  class space    used 607K, capacity 622K, committed 640K, reserved 1048576K
Event: 2.645 GC heap after
Heap after GC invocations=2 (full 0):
 PSYoungGen      total 71680K, used 5104K [0x00000000eab00000, 0x00000000ef600000, 0x0000000100000000)
  eden space 66560K, 0% used [0x00000000eab00000,0x00000000eab00000,0x00000000eec00000)
  from space 5120K, 99% used [0x00000000ef100000,0x00000000ef5fc388,0x00000000ef600000)
  to   space 5120K, 0% used [0x00000000eec00000,0x00000000eec00000,0x00000000ef100000)
 ParOldGen       total 87552K, used 5407K [0x00000000c0000000, 0x00000000c5580000, 0x00000000eab00000)
  object space 87552K, 6% used [0x00000000c0000000,0x00000000c0547d50,0x00000000c5580000)
 Metaspace       used 6159K, capacity 7030K, committed 7296K, reserved 1056768K
  class space    used 607K, capacity 622K, committed 640K, reserved 1048576K
}
Event: 4.456 GC heap before
{Heap before GC invocations=3 (full 0):
 PSYoungGen      total 71680K, used 71664K [0x00000000eab00000, 0x00000000ef600000, 0x0000000100000000)
  eden space 66560K, 100% used [0x00000000eab00000,0x00000000eec00000,0x00000000eec00000)
  from space 5120K, 99% used [0x00000000ef100000,0x00000000ef5fc388,0x00000000ef600000)
  to   space 5120K, 0% used [0x00000000eec00000,0x00000000eec00000,0x00000000ef100000)
 ParOldGen       total 87552K, used 5407K [0x00000000c0000000, 0x00000000c5580000, 0x00000000eab00000)
  object space 87552K, 6% used [0x00000000c0000000,0x00000000c0547d50,0x00000000c5580000)
 Metaspace       used 6351K, capacity 7128K, committed 7424K, reserved 1056768K
  class space    used 628K, capacity 656K, committed 768K, reserved 1048576K
Event: 4.547 GC heap after
Heap after GC invocations=3 (full 0):
 PSYoungGen      total 71680K, used 5101K [0x00000000eab00000, 0x00000000ef600000, 0x0000000100000000)
  eden space 66560K, 0% used [0x00000000eab00000,0x00000000eab00000,0x00000000eec00000)
  from space 5120K, 99% used [0x00000000eec00000,0x00000000ef0fb570,0x00000000ef100000)
  to   space 5120K, 0% used [0x00000000ef100000,0x00000000ef100000,0x00000000ef600000)
 ParOldGen       total 87552K, used 15036K [0x00000000c0000000, 0x00000000c5580000, 0x00000000eab00000)
  object space 87552K, 17% used [0x00000000c0000000,0x00000000c0eaf2e8,0x00000000c5580000)
 Metaspace       used 6351K, capacity 7128K, committed 7424K, reserved 1056768K
  class space    used 628K, capacity 656K, committed 768K, reserved 1048576K
}

Deoptimization events (10 events):
Event: 3.816 Thread 0x0000000056589800 Uncommon trap: reason=bimorphic action=maybe_recompile pc=0x000000000286bbb0 method=com.android.dx.ssa.LiteralOpUpgrader.tryReplacingWithConstant(Lcom/android/dx/ssa/NormalSsaInsn;)Z @ 52
Event: 3.817 Thread 0x0000000056589800 Uncommon trap: reason=unstable_if action=reinterpret pc=0x0000000002a4b550 method=com.android.dx.ssa.SsaMethod.blockIndexToRopLabel(I)I @ 1
Event: 3.818 Thread 0x0000000056589800 Uncommon trap: reason=unstable_if action=reinterpret pc=0x0000000002a2b764 method=com.android.dx.rop.code.BasicBlockList.preferredSuccessorOf(Lcom/android/dx/rop/code/BasicBlock;)Lcom/android/dx/rop/code/BasicBlock; @ 58
Event: 3.821 Thread 0x0000000056589800 Uncommon trap: reason=unstable_if action=reinterpret pc=0x000000000291cc00 method=com.android.dx.dex.code.RopToDop.dopFor(Lcom/android/dx/rop/code/Insn;)Lcom/android/dx/dex/code/Dop; @ 747
Event: 3.824 Thread 0x0000000056589800 Uncommon trap: reason=bimorphic action=maybe_recompile pc=0x000000000286bbb0 method=com.android.dx.ssa.LiteralOpUpgrader.tryReplacingWithConstant(Lcom/android/dx/ssa/NormalSsaInsn;)Z @ 52
Event: 3.866 Thread 0x0000000056589800 Uncommon trap: reason=unstable_if action=reinterpret pc=0x000000000276b018 method=java.util.HashMap.putVal(ILjava/lang/Object;Ljava/lang/Object;ZZ)Ljava/lang/Object; @ 162
Event: 3.920 Thread 0x0000000056589800 Uncommon trap: reason=bimorphic action=maybe_recompile pc=0x000000000286bbb0 method=com.android.dx.ssa.LiteralOpUpgrader.tryReplacingWithConstant(Lcom/android/dx/ssa/NormalSsaInsn;)Z @ 52
Event: 3.920 Thread 0x0000000056589800 Uncommon trap: reason=bimorphic action=maybe_recompile pc=0x000000000286bbb0 method=com.android.dx.ssa.LiteralOpUpgrader.tryReplacingWithConstant(Lcom/android/dx/ssa/NormalSsaInsn;)Z @ 52
Event: 3.921 Thread 0x0000000056589800 Uncommon trap: reason=unstable_if action=reinterpret pc=0x00000000029261d0 method=com.android.dx.rop.code.LocalVariableInfo.mergeStarts(ILcom/android/dx/rop/code/RegisterSpecSet;)Z @ 31
Event: 4.423 Thread 0x0000000056589800 Uncommon trap: reason=unstable_if action=reinterpret pc=0x000000000295e008 method=java.util.HashMap.resize()[Ljava/util/HashMap$Node; @ 206

Internal exceptions (9 events):
Event: 0.041 Thread 0x000000000210e800 Exception <a 'java/lang/NoSuchMethodError': Method sun.misc.Unsafe.defineClass(Ljava/lang/String;[BII)Ljava/lang/Class; name or signature does not match> (0x00000000eab130c0) thrown at [D:\re\puppet\workspace\8-2-build-windows-amd64-cygwin\jdk8u73\6086\hot(+TÒS¥?
Event: 0.041 Thread 0x000000000210e800 Exception <a 'java/lang/NoSuchMethodError': Method sun.misc.Unsafe.prefetchRead(Ljava/lang/Object;J)V name or signature does not match> (0x00000000eab133a8) thrown at [D:\re\puppet\workspace\8-2-build-windows-amd64-cygwin\jdk8u73\6086\hotspot\src\share\vm\*H	P°
Event: 0.844 Thread 0x0000000056589800 Implicit null exception at 0x0000000002592886 to 0x000000000259465d
Event: 0.844 Thread 0x0000000056589800 Implicit null exception at 0x000000000258a8b6 to 0x000000000258c841
Event: 1.024 Thread 0x000000005642f000 Implicit null exception at 0x00000000026c7ed2 to 0x00000000026c7fca
Event: 2.913 Thread 0x000000005642f000 Exception <a 'java/lang/ArrayIndexOutOfBoundsException': 18> (0x00000000eaf200b8) thrown at [D:\re\puppet\workspace\8-2-build-windows-amd64-cygwin\jdk8u73\6086\hotspot\src\share\vm\interpreter\interpreterRuntime.cpp, line 366]
Event: 2.914 Thread 0x000000005642f000 Exception <a 'java/lang/ArrayIndexOutOfBoundsException': 145> (0x00000000eaf21c38) thrown at [D:\re\puppet\workspace\8-2-build-windows-amd64-cygwin\jdk8u73\6086\hotspot\src\share\vm\interpreter\interpreterRuntime.cpp, line 366]
Event: 2.914 Thread 0x000000005642f000 Exception <a 'java/lang/ArrayIndexOutOfBoundsException'> (0x00000000eaf22f20) thrown at [D:\re\puppet\workspace\8-2-build-windows-amd64-cygwin\jdk8u73\6086\hotspot\src\share\vm\runtime\sharedRuntime.cpp, line 605]
Event: 3.579 Thread 0x0000000056589800 Implicit null exception at 0x00000000029e6132 to 0x00000000029e7e10

Events (10 events):
Event: 4.198 Executing VM operation: EnableBiasedLocking done
Event: 4.423 Thread 0x0000000056589800 Uncommon trap: trap_request=0xffffff65 fr.pc=0x000000000295e008
Event: 4.423 Thread 0x0000000056589800 DEOPT PACKING pc=0x000000000295e008 sp=0x0000000057bde800
Event: 4.423 Thread 0x0000000056589800 DEOPT UNPACKING pc=0x000000000231582a sp=0x0000000057bde768 mode 2
Event: 4.429 Thread 0x0000000056589800 DEOPT PACKING pc=0x00000000027305d9 sp=0x0000000057bdea00
Event: 4.429 Thread 0x0000000056589800 DEOPT UNPACKING pc=0x000000000231787f sp=0x0000000057bde830 mode 0
Event: 4.440 Thread 0x0000000056589800 DEOPT PACKING pc=0x0000000002787dde sp=0x0000000057bde8d0
Event: 4.441 Thread 0x0000000056589800 DEOPT UNPACKING pc=0x000000000231787f sp=0x0000000057bde6b0 mode 0
Event: 4.456 Executing VM operation: ParallelGCFailedAllocation
Event: 4.547 Executing VM operation: ParallelGCFailedAllocation done


Dynamic libraries:
0x000000013f520000 - 0x000000013f557000 	C:\Program Files\Java\jdk1.8.0_73\bin\java.exe
0x0000000077620000 - 0x00000000777ca000 	C:\Windows\SYSTEM32\ntdll.dll
0x0000000077500000 - 0x000000007761f000 	C:\Windows\system32\kernel32.dll
0x000007fefd8c0000 - 0x000007fefd92b000 	C:\Windows\system32\KERNELBASE.dll
0x000007feff850000 - 0x000007feff92b000 	C:\Windows\system32\ADVAPI32.dll
0x000007feff450000 - 0x000007feff4ef000 	C:\Windows\system32\msvcrt.dll
0x000007fefe170000 - 0x000007fefe18f000 	C:\Windows\SYSTEM32\sechost.dll
0x000007fefdf10000 - 0x000007fefe03d000 	C:\Windows\system32\RPCRT4.dll
0x0000000077400000 - 0x00000000774fa000 	C:\Windows\system32\USER32.dll
0x000007feff700000 - 0x000007feff767000 	C:\Windows\system32\GDI32.dll
0x000007fefddf0000 - 0x000007fefddfe000 	C:\Windows\system32\LPK.dll
0x000007feff330000 - 0x000007feff3fa000 	C:\Windows\system32\USP10.dll
0x000007fefbec0000 - 0x000007fefc0b4000 	C:\Windows\WinSxS\amd64_microsoft.windows.common-controls_6595b64144ccf1df_6.0.7601.18837_none_fa3b1e3d17594757\COMCTL32.dll
0x000007fefe190000 - 0x000007fefe201000 	C:\Windows\system32\SHLWAPI.dll
0x000007fefddc0000 - 0x000007fefddee000 	C:\Windows\system32\IMM32.DLL
0x000007fefde00000 - 0x000007fefdf09000 	C:\Windows\system32\MSCTF.dll
0x000000005cd50000 - 0x000000005ce22000 	C:\Program Files\Java\jdk1.8.0_73\jre\bin\msvcr100.dll
0x000000005ce90000 - 0x000000005d720000 	C:\Program Files\Java\jdk1.8.0_73\jre\bin\server\jvm.dll
0x000007fef4ec0000 - 0x000007fef4ec9000 	C:\Windows\system32\WSOCK32.dll
0x000007feff400000 - 0x000007feff44d000 	C:\Windows\system32\WS2_32.dll
0x000007fefdd10000 - 0x000007fefdd18000 	C:\Windows\system32\NSI.dll
0x000007fefab50000 - 0x000007fefab8b000 	C:\Windows\system32\WINMM.dll
0x000007fefc660000 - 0x000007fefc66c000 	C:\Windows\system32\VERSION.dll
0x00000000777e0000 - 0x00000000777e7000 	C:\Windows\system32\PSAPI.DLL
0x00000000737d0000 - 0x00000000737df000 	C:\Program Files\Java\jdk1.8.0_73\jre\bin\verify.dll
0x0000000060860000 - 0x0000000060889000 	C:\Program Files\Java\jdk1.8.0_73\jre\bin\java.dll
0x0000000060840000 - 0x0000000060856000 	C:\Program Files\Java\jdk1.8.0_73\jre\bin\zip.dll
0x000007fefe5a0000 - 0x000007feff329000 	C:\Windows\system32\SHELL32.dll
0x000007feff4f0000 - 0x000007feff6f3000 	C:\Windows\system32\ole32.dll
0x000007fefd520000 - 0x000007fefd52f000 	C:\Windows\system32\profapi.dll

VM Arguments:
jvm_args: -Djava.awt.headless=true -Xmx1024M -Dfile.encoding=GBK -Duser.country=CN -Duser.language=zh -Duser.variant 
java_command: com.android.dx.command.Main --dex --num-threads=4 --output G:\GIT\DakaiNote_Source\app\build\intermediates\pre-dexed\debug\com.android.support-recyclerview-v7-23.4.0_7dcf6f86a82f6c4e330659e48e72a1f33e62edca.jar G:\GIT\DakaiNote_Source\app\build\intermediates\exploded-aar\com.android.support\recyclerview-v7\23.4.0\jars\classes.jar
java_class_path (initial): D:\SDK\build-tools\23.0.3\lib\dx.jar
Launcher Type: SUN_STANDARD

Environment Variables:
JAVA_HOME=C:\Program Files\Java\jdk1.8.0_73
CLASSPATH=.;C:\Program Files\Java\jdk1.8.0_73\lib;C:\Program Files\Java\jdk1.8.0_73\lib\tools.jar
PATH=D:\MyPython\;D:\MyPython\Scripts;C:\ProgramData\Oracle\Java\javapath;C:\Windows\system32;C:\Windows;C:\Windows\System32\Wbem;C:\Windows\System32\WindowsPowerShell\v1.0\;C:\Program Files (x86)\Common Files\microsoft shared\TigerKin;C:\Program Files (x86)\NVIDIA Corporation\PhysX\Common;C:\Program Files (x86)\Common Files\microsoft shared\TigerKin;C:\Program Files\Java\jdk1.8.0_73\bin;C:\Program Files\Java\jdk1.8.0_73\jre\bin;C:\Users\admin\AppData\Local\Android\sdk\platform-tools;C:\Users\admin\AppData\Local\Programs\Python\Python35\Scripts\;C:\Users\admin\AppData\Local\Programs\Python\Python35\
USERNAME=admin
OS=Windows_NT
PROCESSOR_IDENTIFIER=Intel64 Family 6 Model 60 Stepping 3, GenuineIntel



---------------  S Y S T E M  ---------------

OS: Windows 7 , 64 bit Build 7601 (6.1.7601.19160)

CPU:total 4 (4 cores per cpu, 1 threads per core) family 6 model 60 stepping 3, cmov, cx8, fxsr, mmx, sse, sse2, sse3, ssse3, sse4.1, sse4.2, popcnt, avx, avx2, aes, clmul, erms, rtm, lzcnt, tsc, tscinvbit, bmi1, bmi2

Memory: 4k page, physical 8353940k(1427892k free), swap 9400680k(5080k free)

vm_info: Java HotSpot(TM) 64-Bit Server VM (25.73-b02) for windows-amd64 JRE (1.8.0_73-b02), built on Jan 29 2016 17:38:49 by "java_re" with MS VC++ 10.0 (VS2010)

time: Wed Aug 03 22:26:17 2016
elapsed time: 4 seconds (0d 0h 0m 4s)

