#
# There is insufficient memory for the Java Runtime Environment to continue.
# Native memory allocation (malloc) failed to allocate 371536 bytes for Chunk::new
# Possible reasons:
#   The system is out of physical RAM or swap space
#   In 32 bit mode, the process size limit was hit
# Possible solutions:
#   Reduce memory load on the system
#   Increase physical memory or swap space
#   Check if swap backing store is full
#   Use 64 bit Java on a 64 bit OS
#   Decrease Java heap size (-Xmx/-Xms)
#   Decrease number of Java threads
#   Decrease Java thread stack sizes (-Xss)
#   Set larger code cache with -XX:ReservedCodeCacheSize=
# This output file may be truncated or incomplete.
#
#  Out of Memory Error (allocation.cpp:390), pid=9480, tid=0x000000000000262c
#
# JRE version: OpenJDK Runtime Environment (8.0_76-b03) (build 1.8.0_76-release-b03)
# Java VM: OpenJDK 64-Bit Server VM (25.76-b03 mixed mode windows-amd64 compressed oops)
# Failed to write core dump. Minidumps are not enabled by default on client versions of Windows
#

---------------  T H R E A D  ---------------

Current thread (0x0000000054cbd000):  JavaThread "C2 CompilerThread0" daemon [_thread_in_native, id=9772, stack(0x0000000055ba0000,0x0000000055ca0000)]

Stack: [0x0000000055ba0000,0x0000000055ca0000]
[error occurred during error reporting (printing stack bounds), id 0xc0000005]

Native frames: (J=compiled Java code, j=interpreted, Vv=VM code, C=native code)


Current CompileTask:
C2:   1344 1215       4       com.android.dx.ssa.LocalVariableExtractor::processBlock (383 bytes)


---------------  P R O C E S S  ---------------

Java Threads: ( => current thread )
  0x000000005631c800 JavaThread "pool-2-thread-4" [_thread_blocked, id=9900, stack(0x0000000057250000,0x0000000057350000)]
  0x000000005631b000 JavaThread "pool-2-thread-3" [_thread_in_Java, id=9888, stack(0x0000000057390000,0x0000000057490000)]
  0x000000005631a800 JavaThread "pool-2-thread-2" [_thread_blocked, id=9880, stack(0x0000000056b40000,0x0000000056c40000)]
  0x0000000056317000 JavaThread "pool-3-thread-1" [_thread_blocked, id=9876, stack(0x0000000057140000,0x0000000057240000)]
  0x0000000056315000 JavaThread "pool-2-thread-1" [_thread_in_Java, id=9872, stack(0x0000000056f20000,0x0000000057020000)]
  0x00000000561c1000 JavaThread "Service Thread" daemon [_thread_blocked, id=9792, stack(0x0000000056e10000,0x0000000056f10000)]
  0x0000000056156000 JavaThread "C1 CompilerThread2" daemon [_thread_in_native, id=9784, stack(0x0000000056c50000,0x0000000056d50000)]
  0x0000000054cbe800 JavaThread "C2 CompilerThread1" daemon [_thread_in_native, id=9776, stack(0x0000000056a40000,0x0000000056b40000)]
=>0x0000000054cbd000 JavaThread "C2 CompilerThread0" daemon [_thread_in_native, id=9772, stack(0x0000000055ba0000,0x0000000055ca0000)]
  0x000000005614a000 JavaThread "Attach Listener" daemon [_thread_blocked, id=9764, stack(0x00000000567f0000,0x00000000568f0000)]
  0x0000000056149800 JavaThread "Signal Dispatcher" daemon [_thread_blocked, id=9756, stack(0x00000000565d0000,0x00000000566d0000)]
  0x0000000054c97000 JavaThread "Finalizer" daemon [_thread_blocked, id=9688, stack(0x0000000056040000,0x0000000056140000)]
  0x0000000054c50000 JavaThread "Reference Handler" daemon [_thread_blocked, id=9684, stack(0x0000000055ed0000,0x0000000055fd0000)]
  0x000000000214e800 JavaThread "main" [_thread_in_vm, id=9620, stack(0x00000000023d0000,0x00000000024d0000)]

Other Threads:
  0x0000000054c48800 VMThread [stack: 0x0000000055d00000,0x0000000055e00000] [id=9676]
  0x00000000561c3000 WatcherThread [stack: 0x0000000057030000,0x0000000057130000] [id=9800]

VM state:not at safepoint (normal execution)

VM Mutex/Monitor currently owned by a thread: None

Heap:
 PSYoungGen      total 38400K, used 26131K [0x00000000eab00000, 0x00000000ef600000, 0x0000000100000000)
  eden space 33280K, 63% used [0x00000000eab00000,0x00000000ebf88ee0,0x00000000ecb80000)
  from space 5120K, 99% used [0x00000000ecb80000,0x00000000ed07be58,0x00000000ed080000)
  to   space 5120K, 0% used [0x00000000ef100000,0x00000000ef100000,0x00000000ef600000)
 ParOldGen       total 87552K, used 1158K [0x00000000c0000000, 0x00000000c5580000, 0x00000000eab00000)
  object space 87552K, 1% used [0x00000000c0000000,0x00000000c0121bd0,0x00000000c5580000)
 Metaspace       used 5921K, capacity 6896K, committed 7040K, reserved 1056768K
  class space    used 576K, capacity 616K, committed 640K, reserved 1048576K

Card table byte_map: [0x0000000011890000,0x0000000011aa0000] byte_map_base: 0x0000000011290000

Marking Bits: (ParMarkBitMap*) 0x000000005f129d00
 Begin Bits: [0x00000000120c0000, 0x00000000130c0000)
 End Bits:   [0x00000000130c0000, 0x00000000140c0000)

Polling page: 0x0000000000110000

CodeCache: size=245760Kb used=4570Kb max_used=4570Kb free=241189Kb
 bounds [0x00000000024d0000, 0x0000000002950000, 0x00000000114d0000]
 total_blobs=1503 nmethods=1233 adapters=184
 compilation: enabled

Compilation events (10 events):
Event: 1.342 Thread 0x0000000056156000 nmethod 1251 0x0000000002942c90 code [0x0000000002942f80, 0x0000000002943d98]
Event: 1.342 Thread 0x0000000056156000 1252       2       com.android.dx.rop.code.ThrowingInsn::<init> (49 bytes)
Event: 1.342 Thread 0x0000000056156000 nmethod 1252 0x0000000002944dd0 code [0x0000000002944f60, 0x0000000002945288]
Event: 1.342 Thread 0x0000000056156000 1253       1       com.android.dx.rop.code.DexTranslationAdvice::getMaxOptimalRegisterCount (3 bytes)
Event: 1.342 Thread 0x0000000056156000 nmethod 1253 0x0000000002945450 code [0x00000000029455a0, 0x00000000029456b0]
Event: 1.342 Thread 0x0000000056156000 1255       2       com.android.dx.dex.code.RopTranslator::pickOrder (400 bytes)
Event: 1.343 Thread 0x0000000056156000 nmethod 1255 0x0000000002945710 code [0x0000000002945960, 0x00000000029464b8]
Event: 1.343 Thread 0x0000000056156000 1256       2       com.android.dx.ssa.DomFront::buildDomTree (72 bytes)
Event: 1.343 Thread 0x0000000056156000 nmethod 1256 0x0000000002947390 code [0x0000000002947560, 0x0000000002947b48]
Event: 1.343 Thread 0x0000000056156000 1258       2       com.android.dx.ssa.SCCP::run (298 bytes)

GC Heap History (2 events):
Event: 1.075 GC heap before
{Heap before GC invocations=1 (full 0):
 PSYoungGen      total 38400K, used 33280K [0x00000000eab00000, 0x00000000ed580000, 0x0000000100000000)
  eden space 33280K, 100% used [0x00000000eab00000,0x00000000ecb80000,0x00000000ecb80000)
  from space 5120K, 0% used [0x00000000ed080000,0x00000000ed080000,0x00000000ed580000)
  to   space 5120K, 0% used [0x00000000ecb80000,0x00000000ecb80000,0x00000000ed080000)
 ParOldGen       total 87552K, used 0K [0x00000000c0000000, 0x00000000c5580000, 0x00000000eab00000)
  object space 87552K, 0% used [0x00000000c0000000,0x00000000c0000000,0x00000000c5580000)
 Metaspace       used 5854K, capacity 6832K, committed 7040K, reserved 1056768K
  class space    used 576K, capacity 616K, committed 640K, reserved 1048576K
Event: 1.209 GC heap after
Heap after GC invocations=1 (full 0):
 PSYoungGen      total 38400K, used 5103K [0x00000000eab00000, 0x00000000ef600000, 0x0000000100000000)
  eden space 33280K, 0% used [0x00000000eab00000,0x00000000eab00000,0x00000000ecb80000)
  from space 5120K, 99% used [0x00000000ecb80000,0x00000000ed07be58,0x00000000ed080000)
  to   space 5120K, 0% used [0x00000000ef100000,0x00000000ef100000,0x00000000ef600000)
 ParOldGen       total 87552K, used 1158K [0x00000000c0000000, 0x00000000c5580000, 0x00000000eab00000)
  object space 87552K, 1% used [0x00000000c0000000,0x00000000c0121bd0,0x00000000c5580000)
 Metaspace       used 5854K, capacity 6832K, committed 7040K, reserved 1056768K
  class space    used 576K, capacity 616K, committed 640K, reserved 1048576K
}

Deoptimization events (5 events):
Event: 0.245 Thread 0x000000000214e800 Uncommon trap: reason=unstable_if action=reinterpret pc=0x000000000261a540 method=java.lang.String.indexOf(II)I @ 49
Event: 0.880 Thread 0x000000005631a800 Uncommon trap: reason=bimorphic action=maybe_recompile pc=0x000000000272623c method=java.util.HashMap.getNode(ILjava/lang/Object;)Ljava/util/HashMap$Node; @ 126
Event: 0.885 Thread 0x000000005631a800 Uncommon trap: reason=null_check action=make_not_entrant pc=0x000000000278a284 method=com.android.dx.ssa.SsaRenamer.getLocalForNewReg(I)Lcom/android/dx/rop/code/LocalItem; @ 19
Event: 0.885 Thread 0x000000005631a800 Uncommon trap: reason=null_check action=make_not_entrant pc=0x00000000027926f4 method=com.android.dx.ssa.SsaRenamer.getLocalForNewReg(I)Lcom/android/dx/rop/code/LocalItem; @ 19
Event: 1.276 Thread 0x0000000056315000 Uncommon trap: reason=unstable_if action=reinterpret pc=0x00000000028b35c4 method=com.android.dx.rop.cst.Constant.compareTo(Lcom/android/dx/rop/cst/Constant;)I @ 12

Internal exceptions (4 events):
Event: 0.027 Thread 0x000000000214e800 Exception <a 'java/lang/NoSuchMethodError': Method sun.misc.Unsafe.defineClass(Ljava/lang/String;[BII)Ljava/lang/Class; name or signature does not match> (0x00000000eab07cc0) thrown at [C:\src\android\AOSP-openjdk\external\jetbrains\jdk\hotspot\src\share\v—» w7õ?
Event: 0.027 Thread 0x000000000214e800 Exception <a 'java/lang/NoSuchMethodError': Method sun.misc.Unsafe.prefetchRead(Ljava/lang/Object;J)V name or signature does not match> (0x00000000eab07fa8) thrown at [C:\src\android\AOSP-openjdk\external\jetbrains\jdk\hotspot\src\share\vm\prims\jni.cpp, lZLπ›MÏ?
Event: 0.885 Thread 0x000000005631a800 Implicit null exception at 0x0000000002787c9d to 0x000000000278a239
Event: 0.885 Thread 0x000000005631a800 Implicit null exception at 0x000000000278fe37 to 0x00000000027926cd

Events (10 events):
Event: 1.304 Thread 0x000000005631a800 DEOPT PACKING pc=0x0000000002813ae7 sp=0x0000000056c3e4d0
Event: 1.304 Thread 0x000000005631a800 DEOPT UNPACKING pc=0x00000000025175bf sp=0x0000000056c3e250 mode 0
Event: 1.304 Thread 0x000000000214e800 DEOPT PACKING pc=0x000000000277a5aa sp=0x00000000024cdc20
Event: 1.304 Thread 0x000000000214e800 DEOPT UNPACKING pc=0x00000000025175bf sp=0x00000000024cd940 mode 0
Event: 1.315 Thread 0x0000000056315000 DEOPT PACKING pc=0x000000000282ef08 sp=0x000000005701e130
Event: 1.315 Thread 0x0000000056315000 DEOPT UNPACKING pc=0x00000000025175bf sp=0x000000005701de50 mode 0
Event: 1.323 Thread 0x000000000214e800 DEOPT PACKING pc=0x000000000286762b sp=0x00000000024ce6f0
Event: 1.323 Thread 0x000000000214e800 DEOPT UNPACKING pc=0x00000000025175bf sp=0x00000000024ce488 mode 0
Event: 1.330 Thread 0x000000000214e800 DEOPT PACKING pc=0x000000000277a5aa sp=0x00000000024cdc20
Event: 1.330 Thread 0x000000000214e800 DEOPT UNPACKING pc=0x00000000025175bf sp=0x00000000024cd940 mode 0


Dynamic libraries:
0x000000013f220000 - 0x000000013f251000 	C:\Program Files\Android\Android Studio\jre\bin\java.exe
0x0000000076f60000 - 0x000000007710a000 	C:\Windows\SYSTEM32\ntdll.dll
0x0000000076e40000 - 0x0000000076f5f000 	C:\Windows\system32\kernel32.dll
0x000007fefcf30000 - 0x000007fefcf9a000 	C:\Windows\system32\KERNELBASE.dll
0x000007fefd270000 - 0x000007fefd34b000 	C:\Windows\system32\ADVAPI32.dll
0x000007fefea40000 - 0x000007fefeadf000 	C:\Windows\system32\msvcrt.dll
0x000007fefed30000 - 0x000007fefed4f000 	C:\Windows\SYSTEM32\sechost.dll
0x000007feff140000 - 0x000007feff26d000 	C:\Windows\system32\RPCRT4.dll
0x0000000076d40000 - 0x0000000076e3a000 	C:\Windows\system32\USER32.dll
0x000007fefd940000 - 0x000007fefd9a7000 	C:\Windows\system32\GDI32.dll
0x000007fefdae0000 - 0x000007fefdaee000 	C:\Windows\system32\LPK.dll
0x000007fefd9b0000 - 0x000007fefda7a000 	C:\Windows\system32\USP10.dll
0x000007fefb830000 - 0x000007fefba24000 	C:\Windows\WinSxS\amd64_microsoft.windows.common-controls_6595b64144ccf1df_6.0.7601.18837_none_fa3b1e3d17594757\COMCTL32.dll
0x000007feff090000 - 0x000007feff101000 	C:\Windows\system32\SHLWAPI.dll
0x000007fefdaf0000 - 0x000007fefdb1e000 	C:\Windows\system32\IMM32.DLL
0x000007fefed50000 - 0x000007fefee59000 	C:\Windows\system32\MSCTF.dll
0x00000000706d0000 - 0x00000000707a2000 	C:\Program Files\Android\Android Studio\jre\jre\bin\msvcr100.dll
0x000000005e970000 - 0x000000005f1a4000 	C:\Program Files\Android\Android Studio\jre\jre\bin\server\jvm.dll
0x000007fef8fe0000 - 0x000007fef8fe9000 	C:\Windows\system32\WSOCK32.dll
0x000007fefee60000 - 0x000007fefeead000 	C:\Windows\system32\WS2_32.dll
0x000007feff130000 - 0x000007feff138000 	C:\Windows\system32\NSI.dll
0x000007fefa530000 - 0x000007fefa56b000 	C:\Windows\system32\WINMM.dll
0x000007fefbfa0000 - 0x000007fefbfac000 	C:\Windows\system32\VERSION.dll
0x0000000077120000 - 0x0000000077127000 	C:\Windows\system32\PSAPI.DLL
0x000007fef53c0000 - 0x000007fef53cf000 	C:\Program Files\Android\Android Studio\jre\jre\bin\verify.dll
0x000007fef5390000 - 0x000007fef53b9000 	C:\Program Files\Android\Android Studio\jre\jre\bin\java.dll
0x000007fef5370000 - 0x000007fef5386000 	C:\Program Files\Android\Android Studio\jre\jre\bin\zip.dll
0x000007fefdcb0000 - 0x000007fefea39000 	C:\Windows\system32\SHELL32.dll
0x000007fefd5b0000 - 0x000007fefd7b3000 	C:\Windows\system32\ole32.dll
0x000007fefce60000 - 0x000007fefce6f000 	C:\Windows\system32\profapi.dll

VM Arguments:
jvm_args: -Djava.awt.headless=true -Xmx1024M -Dfile.encoding=GBK -Duser.country=CN -Duser.language=zh -Duser.variant 
java_command: com.android.dx.command.Main --dex --force-jumbo --num-threads=4 --multi-dex --output G:\GIT\DakaiNote_Source\app\build\intermediates\transforms\dex\debug\folders\1000\10\instant-run_a28ab8a50d1ade1734f0293d518c34965a6b0e11 G:\GIT\DakaiNote_Source\app\build\intermediates\incremental-runtime-classes\debug\instant-run.jar
java_class_path (initial): E:\SDK\build-tools\23.0.2\lib\dx.jar
Launcher Type: SUN_STANDARD

Environment Variables:
JAVA_HOME=C:\Program Files\Java\jdk1.8.0_73
CLASSPATH=.;C:\Program Files\Java\jdk1.8.0_73\lib;C:\Program Files\Java\jdk1.8.0_73\lib\tools.jar
PATH=D:\MyPython\;D:\MyPython\Scripts;C:\ProgramData\Oracle\Java\javapath;C:\Windows\system32;C:\Windows;C:\Windows\System32\Wbem;C:\Windows\System32\WindowsPowerShell\v1.0\;C:\Program Files (x86)\Common Files\microsoft shared\TigerKin;C:\Program Files (x86)\NVIDIA Corporation\PhysX\Common;C:\Program Files (x86)\Common Files\microsoft shared\TigerKin;C:\Program Files\Java\jdk1.8.0_73\bin;C:\Program Files\Java\jdk1.8.0_73\jre\bin;C:\Users\admin\AppData\Local\Android\sdk\platform-tools;C:\Users\admin\AppData\Local\Programs\Python\Python35\Scripts\;C:\Users\admin\AppData\Local\Programs\Python\Python35\
USERNAME=admin
OS=Windows_NT
PROCESSOR_IDENTIFIER=Intel64 Family 6 Model 60 Stepping 3, GenuineIntel



---------------  S Y S T E M  ---------------

OS: Windows 7 , 64 bit Build 7601 (6.1.7601.23543)

CPU:total 4 (4 cores per cpu, 1 threads per core) family 6 model 60 stepping 3, cmov, cx8, fxsr, mmx, sse, sse2, sse3, ssse3, sse4.1, sse4.2, popcnt, avx, avx2, aes, clmul, erms, rtm, lzcnt, tsc, tscinvbit, bmi1, bmi2

Memory: 4k page, physical 8353940k(1138952k free), swap 9400656k(5760k free)

vm_info: OpenJDK 64-Bit Server VM (25.76-b03) for windows-amd64 JRE (1.8.0_76-release-b03), built on Jun 29 2016 19:09:20 by "ralucas" with MS VC++ 10.0 (VS2010)

time: Sun Nov 06 23:07:30 2016
elapsed time: 1 seconds (0d 0h 0m 1s)

