#
# There is insufficient memory for the Java Runtime Environment to continue.
# Native memory allocation (malloc) failed to allocate 257616 bytes for Chunk::new
# Possible reasons:
#   The system is out of physical RAM or swap space
#   In 32 bit mode, the process size limit was hit
# Possible solutions:
#   Reduce memory load on the system
#   Increase physical memory or swap space
#   Check if swap backing store is full
#   Use 64 bit Java on a 64 bit OS
#   Decrease Java heap size (-Xmx/-Xms)
#   Decrease number of Java threads
#   Decrease Java thread stack sizes (-Xss)
#   Set larger code cache with -XX:ReservedCodeCacheSize=
# This output file may be truncated or incomplete.
#
#  Out of Memory Error (allocation.cpp:390), pid=3980, tid=0x000000000000265c
#
# JRE version: OpenJDK Runtime Environment (8.0_76-b03) (build 1.8.0_76-release-b03)
# Java VM: OpenJDK 64-Bit Server VM (25.76-b03 mixed mode windows-amd64 compressed oops)
# Failed to write core dump. Minidumps are not enabled by default on client versions of Windows
#

---------------  T H R E A D  ---------------

Current thread (0x0000000054dfe800):  JavaThread "C2 CompilerThread0" daemon [_thread_in_native, id=9820, stack(0x0000000056aa0000,0x0000000056ba0000)]

Stack: [0x0000000056aa0000,0x0000000056ba0000]
[error occurred during error reporting (printing stack bounds), id 0xc0000005]

Native frames: (J=compiled Java code, j=interpreted, Vv=VM code, C=native code)


Current CompileTask:
C2:   2924  838   !   4       com.android.dx.cf.code.BytecodeArray::parseInstruction (2764 bytes)


---------------  P R O C E S S  ---------------

Java Threads: ( => current thread )
  0x0000000057930800 JavaThread "pool-2-thread-4" [_thread_blocked, id=1864, stack(0x0000000057a70000,0x0000000057b70000)]
  0x000000005793a000 JavaThread "pool-2-thread-3" [_thread_blocked, id=9408, stack(0x0000000057b80000,0x0000000057c80000)]
  0x000000005742d000 JavaThread "pool-2-thread-2" [_thread_in_vm, id=9908, stack(0x0000000057030000,0x0000000057130000)]
  0x0000000056470000 JavaThread "pool-3-thread-1" [_thread_blocked, id=10264, stack(0x0000000057170000,0x0000000057270000)]
  0x000000005646f000 JavaThread "pool-2-thread-1" [_thread_blocked, id=7492, stack(0x0000000056900000,0x0000000056a00000)]
  0x0000000056210800 JavaThread "Service Thread" daemon [_thread_blocked, id=4556, stack(0x0000000056df0000,0x0000000056ef0000)]
  0x000000005620d000 JavaThread "C1 CompilerThread2" daemon [_thread_blocked, id=9888, stack(0x0000000055e20000,0x0000000055f20000)]
  0x000000005620c800 JavaThread "C2 CompilerThread1" daemon [_thread_blocked, id=7080, stack(0x0000000056be0000,0x0000000056ce0000)]
=>0x0000000054dfe800 JavaThread "C2 CompilerThread0" daemon [_thread_in_native, id=9820, stack(0x0000000056aa0000,0x0000000056ba0000)]
  0x00000000561ab000 JavaThread "Attach Listener" daemon [_thread_blocked, id=11524, stack(0x0000000056800000,0x0000000056900000)]
  0x00000000561aa800 JavaThread "Signal Dispatcher" daemon [_thread_blocked, id=7580, stack(0x0000000056660000,0x0000000056760000)]
  0x0000000054dd7000 JavaThread "Finalizer" daemon [_thread_blocked, id=5564, stack(0x00000000560a0000,0x00000000561a0000)]
  0x0000000054d90000 JavaThread "Reference Handler" daemon [_thread_blocked, id=11088, stack(0x0000000055f30000,0x0000000056030000)]
  0x000000000223e800 JavaThread "main" [_thread_blocked, id=8296, stack(0x0000000002570000,0x0000000002670000)]

Other Threads:
  0x0000000054d88000 VMThread [stack: 0x0000000055d00000,0x0000000055e00000] [id=5008]
  0x0000000056216800 WatcherThread [stack: 0x0000000056ef0000,0x0000000056ff0000] [id=944]

VM state:synchronizing (normal execution)

VM Mutex/Monitor currently owned by a thread:  ([mutex/lock_event])
[0x000000000223c290] Safepoint_lock - owner thread: 0x0000000054d88000
[0x000000000223c310] Threads_lock - owner thread: 0x0000000054d88000
[0x000000000223c810] Heap_lock - owner thread: 0x0000000057930800

Heap:
 PSYoungGen      total 38400K, used 33280K [0x00000000eab00000, 0x00000000ed580000, 0x0000000100000000)
  eden space 33280K, 100% used [0x00000000eab00000,0x00000000ecb80000,0x00000000ecb80000)
  from space 5120K, 0% used [0x00000000ed080000,0x00000000ed080000,0x00000000ed580000)
  to   space 5120K, 0% used [0x00000000ecb80000,0x00000000ecb80000,0x00000000ed080000)
 ParOldGen       total 87552K, used 0K [0x00000000c0000000, 0x00000000c5580000, 0x00000000eab00000)
  object space 87552K, 0% used [0x00000000c0000000,0x00000000c0000000,0x00000000c5580000)
 Metaspace       used 5633K, capacity 6768K, committed 7040K, reserved 1056768K
  class space    used 558K, capacity 616K, committed 640K, reserved 1048576K

Card table byte_map: [0x0000000011a30000,0x0000000011c40000] byte_map_base: 0x0000000011430000

Marking Bits: (ParMarkBitMap*) 0x0000000068669d00
 Begin Bits: [0x0000000012200000, 0x0000000013200000)
 End Bits:   [0x0000000013200000, 0x0000000014200000)

Polling page: 0x0000000000210000

CodeCache: size=245760Kb used=4044Kb max_used=4044Kb free=241715Kb
 bounds [0x0000000002670000, 0x0000000002a70000, 0x0000000011670000]
 total_blobs=1231 nmethods=967 adapters=177
 compilation: enabled

Compilation events (10 events):
Event: 2.899 Thread 0x000000005620d000  971       3       com.android.dx.ssa.SsaRenamer$BlockRenamer::addMapping (143 bytes)
Event: 2.900 Thread 0x000000005620c800 nmethod 963 0x0000000002a34ed0 code [0x0000000002a35020, 0x0000000002a35278]
Event: 2.900 Thread 0x000000005620c800  962  s    4       java.util.Stack::pop (19 bytes)
Event: 2.900 Thread 0x000000005620d000 nmethod 971 0x0000000002a61a10 code [0x0000000002a61c20, 0x0000000002a62aa8]
Event: 2.901 Thread 0x000000005620d000  972       3       com.android.dx.cf.code.Merger::mergeType (142 bytes)
Event: 2.901 Thread 0x000000005620c800 nmethod 962 0x0000000002a5fe10 code [0x0000000002a5ff60, 0x0000000002a60238]
Event: 2.901 Thread 0x000000005620c800  966  s    4       java.util.Vector::removeElementAt (115 bytes)
Event: 2.901 Thread 0x000000005620d000 nmethod 972 0x0000000002a65c10 code [0x0000000002a65ec0, 0x0000000002a67328]
Event: 2.902 Thread 0x000000005620d000  974       3       com.android.dx.rop.code.ThrowingInsn::withNewRegisters (21 bytes)
Event: 2.902 Thread 0x000000005620d000 nmethod 974 0x0000000002a52cd0 code [0x0000000002a52e40, 0x0000000002a53148]

GC Heap History (0 events):
No events

Deoptimization events (5 events):
Event: 2.682 Thread 0x000000005646f000 Uncommon trap: reason=unstable_if action=reinterpret pc=0x0000000002857f74 method=java.util.HashMap.getNode(ILjava/lang/Object;)Ljava/util/HashMap$Node; @ 62
Event: 2.741 Thread 0x000000005646f000 Uncommon trap: reason=unstable_if action=reinterpret pc=0x00000000028d54e4 method=com.android.dx.rop.code.RegisterSpec.equals(ILcom/android/dx/rop/type/TypeBearer;Lcom/android/dx/rop/code/LocalItem;)Z @ 16
Event: 2.836 Thread 0x000000005742d000 Uncommon trap: reason=unstable_if action=reinterpret pc=0x0000000002964b88 method=com.android.dx.cf.code.LineNumberList.pcToLine(I)I @ 43
Event: 2.881 Thread 0x0000000057930800 Uncommon trap: reason=unstable_if action=reinterpret pc=0x0000000002a1d82c method=com.android.dx.util.IntList.binarysearch(I)I @ 16
Event: 2.884 Thread 0x0000000057930800 Uncommon trap: reason=unstable_if action=reinterpret pc=0x00000000029ac3f4 method=com.android.dx.ssa.SsaRenamer$BlockRenamer.addMapping(ILcom/android/dx/rop/code/RegisterSpec;)V @ 120

Internal exceptions (2 events):
Event: 0.023 Thread 0x000000000223e800 Exception <a 'java/lang/NoSuchMethodError': Method sun.misc.Unsafe.defineClass(Ljava/lang/String;[BII)Ljava/lang/Class; name or signature does not match> (0x00000000eab07cc0) thrown at [C:\src\android\AOSP-openjdk\external\jetbrains\jdk\hotspot\src\share\vÓÝt‡—?
Event: 0.023 Thread 0x000000000223e800 Exception <a 'java/lang/NoSuchMethodError': Method sun.misc.Unsafe.prefetchRead(Ljava/lang/Object;J)V name or signature does not match> (0x00000000eab07fa8) thrown at [C:\src\android\AOSP-openjdk\external\jetbrains\jdk\hotspot\src\share\vm\prims\jni.cpp, l

Events (10 events):
Event: 2.874 loading class com/android/dx/dex/file/MethodAnnotationStruct done
Event: 2.880 Thread 0x0000000057930800 Uncommon trap: trap_request=0xffffff65 fr.pc=0x0000000002a1d82c
Event: 2.881 Thread 0x0000000057930800 DEOPT PACKING pc=0x0000000002a1d82c sp=0x0000000057b6e9c0
Event: 2.881 Thread 0x0000000057930800 DEOPT UNPACKING pc=0x00000000026b556a sp=0x0000000057b6e938 mode 2
Event: 2.884 Thread 0x0000000057930800 Uncommon trap: trap_request=0xffffff65 fr.pc=0x00000000029ac3f4
Event: 2.884 Thread 0x0000000057930800 DEOPT PACKING pc=0x00000000029ac3f4 sp=0x0000000057b6e790
Event: 2.884 Thread 0x0000000057930800 DEOPT UNPACKING pc=0x00000000026b556a sp=0x0000000057b6e720 mode 2
Event: 2.888 Thread 0x000000005742d000 DEOPT PACKING pc=0x0000000002996c24 sp=0x000000005712ed90
Event: 2.888 Thread 0x000000005742d000 DEOPT UNPACKING pc=0x00000000026b75bf sp=0x000000005712eab8 mode 0
Event: 2.902 Executing VM operation: ParallelGCFailedAllocation


Dynamic libraries:
0x000000013f7a0000 - 0x000000013f7d1000 	C:\Program Files\Android\Android Studio\jre\bin\java.exe
0x0000000077890000 - 0x0000000077a3a000 	C:\Windows\SYSTEM32\ntdll.dll
0x0000000077770000 - 0x000000007788f000 	C:\Windows\system32\kernel32.dll
0x000007fefdb30000 - 0x000007fefdb9a000 	C:\Windows\system32\KERNELBASE.dll
0x000007fefe470000 - 0x000007fefe54b000 	C:\Windows\system32\ADVAPI32.dll
0x000007fefe6e0000 - 0x000007fefe77f000 	C:\Windows\system32\msvcrt.dll
0x000007fefdff0000 - 0x000007fefe00f000 	C:\Windows\SYSTEM32\sechost.dll
0x000007feff780000 - 0x000007feff8ad000 	C:\Windows\system32\RPCRT4.dll
0x0000000077670000 - 0x000000007776a000 	C:\Windows\system32\USER32.dll
0x000007feff8b0000 - 0x000007feff917000 	C:\Windows\system32\GDI32.dll
0x000007fefe6d0000 - 0x000007fefe6de000 	C:\Windows\system32\LPK.dll
0x000007fefe080000 - 0x000007fefe14a000 	C:\Windows\system32\USP10.dll
0x000007fefc110000 - 0x000007fefc304000 	C:\Windows\WinSxS\amd64_microsoft.windows.common-controls_6595b64144ccf1df_6.0.7601.18837_none_fa3b1e3d17594757\COMCTL32.dll
0x000007fefe5f0000 - 0x000007fefe661000 	C:\Windows\system32\SHLWAPI.dll
0x000007feffad0000 - 0x000007feffafe000 	C:\Windows\system32\IMM32.DLL
0x000007fefe360000 - 0x000007fefe469000 	C:\Windows\system32\MSCTF.dll
0x000000006fb20000 - 0x000000006fbf2000 	C:\Program Files\Android\Android Studio\jre\jre\bin\msvcr100.dll
0x0000000067eb0000 - 0x00000000686e4000 	C:\Program Files\Android\Android Studio\jre\jre\bin\server\jvm.dll
0x000007fefbf50000 - 0x000007fefbf59000 	C:\Windows\system32\WSOCK32.dll
0x000007fefe010000 - 0x000007fefe05d000 	C:\Windows\system32\WS2_32.dll
0x000007feff510000 - 0x000007feff518000 	C:\Windows\system32\NSI.dll
0x000007fefae90000 - 0x000007fefaecb000 	C:\Windows\system32\WINMM.dll
0x000007fefc8d0000 - 0x000007fefc8dc000 	C:\Windows\system32\VERSION.dll
0x0000000077a60000 - 0x0000000077a67000 	C:\Windows\system32\PSAPI.DLL
0x000007fefbf40000 - 0x000007fefbf4f000 	C:\Program Files\Android\Android Studio\jre\jre\bin\verify.dll
0x000007fef5190000 - 0x000007fef51b9000 	C:\Program Files\Android\Android Studio\jre\jre\bin\java.dll
0x000007fef5690000 - 0x000007fef56a6000 	C:\Program Files\Android\Android Studio\jre\jre\bin\zip.dll
0x000007fefe780000 - 0x000007feff509000 	C:\Windows\system32\SHELL32.dll
0x000007fefe150000 - 0x000007fefe353000 	C:\Windows\system32\ole32.dll
0x000007fefd790000 - 0x000007fefd79f000 	C:\Windows\system32\profapi.dll

VM Arguments:
jvm_args: -Djava.awt.headless=true -Xmx1024M -Dfile.encoding=GBK -Duser.country=CN -Duser.language=zh -Duser.variant 
java_command: com.android.dx.command.Main --dex --force-jumbo --num-threads=4 --multi-dex --output G:\GIT\DakaiNote_Source\app\build\intermediates\transforms\dex\debug\folders\1000\5\slice_1 G:\GIT\DakaiNote_Source\app\build\intermediates\transforms\instantRunSlicer\debug\folders\1\5\slice_1
java_class_path (initial): E:\SDK\build-tools\23.0.2\lib\dx.jar
Launcher Type: SUN_STANDARD

Environment Variables:
JAVA_HOME=C:\Program Files\Java\jdk1.8.0_73
CLASSPATH=.;C:\Program Files\Java\jdk1.8.0_73\lib;C:\Program Files\Java\jdk1.8.0_73\lib\tools.jar
PATH=D:\MyPython\;D:\MyPython\Scripts;C:\ProgramData\Oracle\Java\javapath;C:\Windows\system32;C:\Windows;C:\Windows\System32\Wbem;C:\Windows\System32\WindowsPowerShell\v1.0\;C:\Program Files (x86)\Common Files\microsoft shared\TigerKin;C:\Program Files (x86)\NVIDIA Corporation\PhysX\Common;C:\Program Files (x86)\Common Files\microsoft shared\TigerKin;C:\Program Files\Java\jdk1.8.0_73\bin;C:\Program Files\Java\jdk1.8.0_73\jre\bin;C:\Users\admin\AppData\Local\Android\sdk\platform-tools;C:\Users\admin\AppData\Local\Programs\Python\Python35\Scripts\;C:\Users\admin\AppData\Local\Programs\Python\Python35\
USERNAME=admin
OS=Windows_NT
PROCESSOR_IDENTIFIER=Intel64 Family 6 Model 60 Stepping 3, GenuineIntel



---------------  S Y S T E M  ---------------

OS: Windows 7 , 64 bit Build 7601 (6.1.7601.23543)

CPU:total 4 (4 cores per cpu, 1 threads per core) family 6 model 60 stepping 3, cmov, cx8, fxsr, mmx, sse, sse2, sse3, ssse3, sse4.1, sse4.2, popcnt, avx, avx2, aes, clmul, erms, rtm, lzcnt, tsc, tscinvbit, bmi1, bmi2

Memory: 4k page, physical 8353940k(1592660k free), swap 9400656k(5140k free)

vm_info: OpenJDK 64-Bit Server VM (25.76-b03) for windows-amd64 JRE (1.8.0_76-release-b03), built on Jun 29 2016 19:09:20 by "ralucas" with MS VC++ 10.0 (VS2010)

time: Sun Oct 30 22:37:00 2016
elapsed time: 2 seconds (0d 0h 0m 2s)

