#
# There is insufficient memory for the Java Runtime Environment to continue.
# Native memory allocation (malloc) failed to allocate 288176 bytes for Chunk::new
# Possible reasons:
#   The system is out of physical RAM or swap space
#   In 32 bit mode, the process size limit was hit
# Possible solutions:
#   Reduce memory load on the system
#   Increase physical memory or swap space
#   Check if swap backing store is full
#   Use 64 bit Java on a 64 bit OS
#   Decrease Java heap size (-Xmx/-Xms)
#   Decrease number of Java threads
#   Decrease Java thread stack sizes (-Xss)
#   Set larger code cache with -XX:ReservedCodeCacheSize=
# This output file may be truncated or incomplete.
#
#  Out of Memory Error (allocation.cpp:390), pid=8076, tid=0x0000000000002fc8
#
# JRE version: OpenJDK Runtime Environment (8.0_76-b03) (build 1.8.0_76-release-b03)
# Java VM: OpenJDK 64-Bit Server VM (25.76-b03 mixed mode windows-amd64 compressed oops)
# Failed to write core dump. Minidumps are not enabled by default on client versions of Windows
#

---------------  T H R E A D  ---------------

Current thread (0x0000000056185000):  JavaThread "C2 CompilerThread1" daemon [_thread_in_native, id=12232, stack(0x0000000056950000,0x0000000056a50000)]

Stack: [0x0000000056950000,0x0000000056a50000]
[error occurred during error reporting (printing stack bounds), id 0xc0000005]

Native frames: (J=compiled Java code, j=interpreted, Vv=VM code, C=native code)


Current CompileTask:
C2:   2941  723   !   4       com.android.dx.rop.code.RegisterSpec::intern (70 bytes)


---------------  P R O C E S S  ---------------

Java Threads: ( => current thread )
  0x00000000575fc000 JavaThread "pool-2-thread-4" [_thread_in_vm, id=4212, stack(0x0000000057b30000,0x0000000057c30000)]
  0x00000000575f8000 JavaThread "pool-2-thread-3" [_thread_new, id=2076, stack(0x0000000000000000,0x0000000000000000)]
  0x000000005645c000 JavaThread "pool-2-thread-2" [_thread_in_vm, id=4520, stack(0x00000000571e0000,0x00000000572e0000)]
  0x000000005632e000 JavaThread "pool-3-thread-1" [_thread_blocked, id=564, stack(0x0000000056f30000,0x0000000057030000)]
  0x000000005632d000 JavaThread "pool-2-thread-1" [_thread_blocked, id=6468, stack(0x0000000057050000,0x0000000057150000)]
  0x0000000056191000 JavaThread "Service Thread" daemon [_thread_blocked, id=1836, stack(0x0000000056c60000,0x0000000056d60000)]
  0x0000000056186000 JavaThread "C1 CompilerThread2" daemon [_thread_in_native, id=4180, stack(0x0000000055f20000,0x0000000056020000)]
=>0x0000000056185000 JavaThread "C2 CompilerThread1" daemon [_thread_in_native, id=12232, stack(0x0000000056950000,0x0000000056a50000)]
  0x0000000054cfe800 JavaThread "C2 CompilerThread0" daemon [_thread_in_native, id=3364, stack(0x0000000056a70000,0x0000000056b70000)]
  0x000000005617b000 JavaThread "Attach Listener" daemon [_thread_blocked, id=7816, stack(0x0000000056830000,0x0000000056930000)]
  0x000000005617a800 JavaThread "Signal Dispatcher" daemon [_thread_blocked, id=6004, stack(0x0000000056660000,0x0000000056760000)]
  0x0000000054cd7000 JavaThread "Finalizer" daemon [_thread_blocked, id=9844, stack(0x0000000056070000,0x0000000056170000)]
  0x0000000054c90000 JavaThread "Reference Handler" daemon [_thread_blocked, id=4304, stack(0x0000000055cd0000,0x0000000055dd0000)]
  0x0000000001d6e800 JavaThread "main" [_thread_blocked, id=1304, stack(0x00000000023d0000,0x00000000024d0000)]

Other Threads:
  0x0000000054c88000 VMThread [stack: 0x0000000055dd0000,0x0000000055ed0000] [id=11804]
  0x0000000056197800 WatcherThread [stack: 0x0000000056de0000,0x0000000056ee0000] [id=9288]

VM state:not at safepoint (normal execution)

VM Mutex/Monitor currently owned by a thread: None

Heap:
 PSYoungGen      total 38400K, used 13625K [0x00000000eab00000, 0x00000000ed580000, 0x0000000100000000)
  eden space 33280K, 40% used [0x00000000eab00000,0x00000000eb84e580,0x00000000ecb80000)
  from space 5120K, 0% used [0x00000000ed080000,0x00000000ed080000,0x00000000ed580000)
  to   space 5120K, 0% used [0x00000000ecb80000,0x00000000ecb80000,0x00000000ed080000)
 ParOldGen       total 87552K, used 0K [0x00000000c0000000, 0x00000000c5580000, 0x00000000eab00000)
  object space 87552K, 0% used [0x00000000c0000000,0x00000000c0000000,0x00000000c5580000)
 Metaspace       used 5458K, capacity 6608K, committed 6784K, reserved 1056768K
  class space    used 549K, capacity 584K, committed 640K, reserved 1048576K

Card table byte_map: [0x0000000011890000,0x0000000011aa0000] byte_map_base: 0x0000000011290000

Marking Bits: (ParMarkBitMap*) 0x0000000068669d00
 Begin Bits: [0x0000000012100000, 0x0000000013100000)
 End Bits:   [0x0000000013100000, 0x0000000014100000)

Polling page: 0x0000000000110000

CodeCache: size=245760Kb used=3125Kb max_used=3136Kb free=242634Kb
 bounds [0x00000000024d0000, 0x00000000027f0000, 0x00000000114d0000]
 total_blobs=994 nmethods=730 adapters=177
 compilation: enabled

Compilation events (10 events):
Event: 2.939 Thread 0x0000000054cfe800  727       4       com.android.dx.cf.code.Ropper::labelToResultIndex (47 bytes)
Event: 2.939 Thread 0x0000000056186000 nmethod 722 0x00000000027c2990 code [0x00000000027c2b40, 0x00000000027c3148]
Event: 2.939 Thread 0x0000000056186000  716       3       com.android.dx.rop.code.RegisterSpec::<init> (48 bytes)
Event: 2.939 Thread 0x0000000056186000 nmethod 716 0x00000000027c2290 code [0x00000000027c2420, 0x00000000027c27f8]
Event: 2.939 Thread 0x0000000056186000  719       3       com.android.dx.rop.cst.CstLiteral32::equals (35 bytes)
Event: 2.939 Thread 0x0000000056186000 nmethod 719 0x00000000027dd710 code [0x00000000027dd880, 0x00000000027ddcd0]
Event: 2.939 Thread 0x0000000056186000  724       1       com.android.dx.cf.iface.StdMember::getDefiningClass (5 bytes)
Event: 2.939 Thread 0x0000000056186000 nmethod 724 0x00000000027c1950 code [0x00000000027c1aa0, 0x00000000027c1bb0]
Event: 2.939 Thread 0x0000000056186000  725       1       com.android.dx.rop.code.SourcePosition::getLine (5 bytes)
Event: 2.939 Thread 0x0000000056186000 nmethod 725 0x00000000027c1f10 code [0x00000000027c2060, 0x00000000027c2170]

GC Heap History (0 events):
No events

Deoptimization events (1 events):
Event: 2.729 Thread 0x000000005645c000 Uncommon trap: reason=unstable_if action=reinterpret pc=0x000000000269f450 method=java.util.HashMap.getNode(ILjava/lang/Object;)Ljava/util/HashMap$Node; @ 129

Internal exceptions (2 events):
Event: 0.027 Thread 0x0000000001d6e800 Exception <a 'java/lang/NoSuchMethodError': Method sun.misc.Unsafe.defineClass(Ljava/lang/String;[BII)Ljava/lang/Class; name or signature does not match> (0x00000000eab07cc0) thrown at [C:\src\android\AOSP-openjdk\external\jetbrains\jdk\hotspot\src\share\v
Event: 0.027 Thread 0x0000000001d6e800 Exception <a 'java/lang/NoSuchMethodError': Method sun.misc.Unsafe.prefetchRead(Ljava/lang/Object;J)V name or signature does not match> (0x00000000eab07fa8) thrown at [C:\src\android\AOSP-openjdk\external\jetbrains\jdk\hotspot\src\share\vm\prims\jni.cpp, l

Events (10 events):
Event: 2.852 loading class java/util/ArrayList$1
Event: 2.852 loading class java/util/ArrayList$1 done
Event: 2.866 Executing VM operation: ForceSafepoint
Event: 2.866 Executing VM operation: ForceSafepoint done
Event: 2.928 loading class com/android/dx/cf/attrib/AttEnclosingMethod
Event: 2.928 loading class com/android/dx/cf/attrib/AttEnclosingMethod done
Event: 2.929 Thread 0x00000000575f8000 Thread added: 0x00000000575f8000
Event: 2.932 Thread 0x00000000575fc000 Thread added: 0x00000000575fc000
Event: 2.934 loading class com/android/dx/dex/file/AnnotationUtils
Event: 2.934 loading class com/android/dx/dex/file/AnnotationUtils done


Dynamic libraries:
0x000000013f7a0000 - 0x000000013f7d1000 	C:\Program Files\Android\Android Studio\jre\bin\java.exe
0x0000000077890000 - 0x0000000077a3a000 	C:\Windows\SYSTEM32\ntdll.dll
0x0000000077770000 - 0x000000007788f000 	C:\Windows\system32\kernel32.dll
0x000007fefdb30000 - 0x000007fefdb9a000 	C:\Windows\system32\KERNELBASE.dll
0x000007fefe470000 - 0x000007fefe54b000 	C:\Windows\system32\ADVAPI32.dll
0x000007fefe6e0000 - 0x000007fefe77f000 	C:\Windows\system32\msvcrt.dll
0x000007fefdff0000 - 0x000007fefe00f000 	C:\Windows\SYSTEM32\sechost.dll
0x000007feff780000 - 0x000007feff8ad000 	C:\Windows\system32\RPCRT4.dll
0x0000000077670000 - 0x000000007776a000 	C:\Windows\system32\USER32.dll
0x000007feff8b0000 - 0x000007feff917000 	C:\Windows\system32\GDI32.dll
0x000007fefe6d0000 - 0x000007fefe6de000 	C:\Windows\system32\LPK.dll
0x000007fefe080000 - 0x000007fefe14a000 	C:\Windows\system32\USP10.dll
0x000007fefc110000 - 0x000007fefc304000 	C:\Windows\WinSxS\amd64_microsoft.windows.common-controls_6595b64144ccf1df_6.0.7601.18837_none_fa3b1e3d17594757\COMCTL32.dll
0x000007fefe5f0000 - 0x000007fefe661000 	C:\Windows\system32\SHLWAPI.dll
0x000007feffad0000 - 0x000007feffafe000 	C:\Windows\system32\IMM32.DLL
0x000007fefe360000 - 0x000007fefe469000 	C:\Windows\system32\MSCTF.dll
0x000000006fb20000 - 0x000000006fbf2000 	C:\Program Files\Android\Android Studio\jre\jre\bin\msvcr100.dll
0x0000000067eb0000 - 0x00000000686e4000 	C:\Program Files\Android\Android Studio\jre\jre\bin\server\jvm.dll
0x000007fefbf50000 - 0x000007fefbf59000 	C:\Windows\system32\WSOCK32.dll
0x000007fefe010000 - 0x000007fefe05d000 	C:\Windows\system32\WS2_32.dll
0x000007feff510000 - 0x000007feff518000 	C:\Windows\system32\NSI.dll
0x000007fefae90000 - 0x000007fefaecb000 	C:\Windows\system32\WINMM.dll
0x000007fefc8d0000 - 0x000007fefc8dc000 	C:\Windows\system32\VERSION.dll
0x0000000077a60000 - 0x0000000077a67000 	C:\Windows\system32\PSAPI.DLL
0x000007fefbf40000 - 0x000007fefbf4f000 	C:\Program Files\Android\Android Studio\jre\jre\bin\verify.dll
0x000007fef5190000 - 0x000007fef51b9000 	C:\Program Files\Android\Android Studio\jre\jre\bin\java.dll
0x000007fef5690000 - 0x000007fef56a6000 	C:\Program Files\Android\Android Studio\jre\jre\bin\zip.dll
0x000007fefe780000 - 0x000007feff509000 	C:\Windows\system32\SHELL32.dll
0x000007fefe150000 - 0x000007fefe353000 	C:\Windows\system32\ole32.dll
0x000007fefd790000 - 0x000007fefd79f000 	C:\Windows\system32\profapi.dll

VM Arguments:
jvm_args: -Djava.awt.headless=true -Xmx1024M -Dfile.encoding=GBK -Duser.country=CN -Duser.language=zh -Duser.variant 
java_command: com.android.dx.command.Main --dex --force-jumbo --num-threads=4 --multi-dex --output G:\GIT\DakaiNote_Source\app\build\intermediates\transforms\dex\debug\folders\1000\5\slice_4 G:\GIT\DakaiNote_Source\app\build\intermediates\transforms\instantRunSlicer\debug\folders\1\5\slice_4
java_class_path (initial): E:\SDK\build-tools\23.0.2\lib\dx.jar
Launcher Type: SUN_STANDARD

Environment Variables:
JAVA_HOME=C:\Program Files\Java\jdk1.8.0_73
CLASSPATH=.;C:\Program Files\Java\jdk1.8.0_73\lib;C:\Program Files\Java\jdk1.8.0_73\lib\tools.jar
PATH=D:\MyPython\;D:\MyPython\Scripts;C:\ProgramData\Oracle\Java\javapath;C:\Windows\system32;C:\Windows;C:\Windows\System32\Wbem;C:\Windows\System32\WindowsPowerShell\v1.0\;C:\Program Files (x86)\Common Files\microsoft shared\TigerKin;C:\Program Files (x86)\NVIDIA Corporation\PhysX\Common;C:\Program Files (x86)\Common Files\microsoft shared\TigerKin;C:\Program Files\Java\jdk1.8.0_73\bin;C:\Program Files\Java\jdk1.8.0_73\jre\bin;C:\Users\admin\AppData\Local\Android\sdk\platform-tools;C:\Users\admin\AppData\Local\Programs\Python\Python35\Scripts\;C:\Users\admin\AppData\Local\Programs\Python\Python35\
USERNAME=admin
OS=Windows_NT
PROCESSOR_IDENTIFIER=Intel64 Family 6 Model 60 Stepping 3, GenuineIntel



---------------  S Y S T E M  ---------------

OS: Windows 7 , 64 bit Build 7601 (6.1.7601.23543)

CPU:total 4 (4 cores per cpu, 1 threads per core) family 6 model 60 stepping 3, cmov, cx8, fxsr, mmx, sse, sse2, sse3, ssse3, sse4.1, sse4.2, popcnt, avx, avx2, aes, clmul, erms, rtm, lzcnt, tsc, tscinvbit, bmi1, bmi2

Memory: 4k page, physical 8353940k(1592708k free), swap 9400656k(5120k free)

vm_info: OpenJDK 64-Bit Server VM (25.76-b03) for windows-amd64 JRE (1.8.0_76-release-b03), built on Jun 29 2016 19:09:20 by "ralucas" with MS VC++ 10.0 (VS2010)

time: Sun Oct 30 22:37:00 2016
elapsed time: 2 seconds (0d 0h 0m 2s)

