#
# A fatal error has been detected by the Java Runtime Environment:
#
#  EXCEPTION_STACK_OVERFLOW (0xc00000fd) at pc=0x000000005eb5aeb7, pid=7532, tid=0x0000000000002568
#
# JRE version: OpenJDK Runtime Environment (8.0_76-b03) (build 1.8.0_76-release-b03)
# Java VM: OpenJDK 64-Bit Server VM (25.76-b03 mixed mode windows-amd64 compressed oops)
# Problematic frame:
# V  [jvm.dll+0x1eaeb7]
#
# Failed to write core dump. Minidumps are not enabled by default on client versions of Windows
#
# If you would like to submit a bug report, please visit:
#   http://bugreport.java.com/bugreport/crash.jsp
#

---------------  T H R E A D  ---------------

Current thread (0x0000000056427000):  JavaThread "pool-2-thread-1" [_thread_in_vm, id=9576, stack(0x00000000571c0000,0x00000000572c0000)]

siginfo: ExceptionCode=0xc00000fd, ExceptionInformation=0x0000000000000001 0x00000000572bb870 

Registers:
RAX=0x00000000572bb870, RBX=0x0000000000000005, RCX=0x0000000000004000, RDX=0x0000000000000006
RSP=0x00000000572bf870, RBP=0x0000000000000000, RSI=0x00000000572bf870, RDI=0x0000000000000005
R8 =0x0000000000000006, R9 =0x0000000056421230, R10=0x000000005437d900, R11=0x00000000571ca148
R12=0x0000000056421230, R13=0x0000000056427000, R14=0x00000000572bf938, R15=0x000000005437d900
RIP=0x000000005eb5aeb7, EFLAGS=0x0000000000010202

Top of Stack: (sp=0x00000000572bf870)
0x00000000572bf870:   0000000002040710 0000000070724e7e
0x00000000572bf880:   0000000056427000 0000000056421230
0x00000000572bf890:   00000000ffffffff 000000005eb5bde7
0x00000000572bf8a0:   00000000572bf9a0 000000005437d900
0x00000000572bf8b0:   0000000056427000 000000005ea0aa53
0x00000000572bf8c0:   00000000572bf900 0000000056427000
0x00000000572bf8d0:   00000000572bf990 0000000056427000
0x00000000572bf8e0:   000000005437d900 0000000056427000
0x00000000572bf8f0:   0000000002570e00 0000000056427000
0x00000000572bf900:   000000005437d900 0000000056427000
0x00000000572bf910:   000000005437d900 0000000056427000
0x00000000572bf920:   0000000000000001 000000005437d900
0x00000000572bf930:   0000000056427000 000000005632c0c0
0x00000000572bf940:   0000000056427000 000000005ea0bf3d
0x00000000572bf950:   00000000572bfc58 00000000143566b0
0x00000000572bf960:   00000000143566b0 0000000000000000 

Instructions: (pc=0x000000005eb5aeb7)
0x000000005eb5ae97:   48 89 6c 24 30 33 ed 66 90 e8 4b b8 07 00 ff c3
0x000000005eb5aea7:   48 63 c8 48 8b c6 48 0f af cf 48 ff c7 48 2b c1
0x000000005eb5aeb7:   89 28 48 63 c3 48 3b 05 cd d6 56 00 7e db 48 8b
0x000000005eb5aec7:   6c 24 30 48 8b 5c 24 38 48 8b 74 24 40 48 83 c4 


Register to memory mapping:

RAX=0x00000000572bb870 is pointing into the stack for thread: 0x0000000056427000
RBX=0x0000000000000005 is an unknown value
RCX=0x0000000000004000 is an unknown value
RDX=0x0000000000000006 is an unknown value
RSP=0x00000000572bf870 is pointing into the stack for thread: 0x0000000056427000
RBP=0x0000000000000000 is an unknown value
RSI=0x00000000572bf870 is pointing into the stack for thread: 0x0000000056427000
RDI=0x0000000000000005 is an unknown value
R8 =0x0000000000000006 is an unknown value
R9 =0x0000000056421230 is an unknown value
R10={method} {0x000000005437d908} 'run' '()V' in 'java/lang/Thread'
R11=0x00000000571ca148 is pointing into the stack for thread: 0x0000000056427000
R12=0x0000000056421230 is an unknown value
R13=0x0000000056427000 is a thread
R14=0x00000000572bf938 is pointing into the stack for thread: 0x0000000056427000
R15={method} {0x000000005437d908} 'run' '()V' in 'java/lang/Thread'


Stack: [0x00000000571c0000,0x00000000572c0000],  sp=0x00000000572bf870,  free space=1022k
Native frames: (J=compiled Java code, j=interpreted, Vv=VM code, C=native code)


---------------  P R O C E S S  ---------------

Java Threads: ( => current thread )
=>0x0000000056427000 JavaThread "pool-2-thread-1" [_thread_in_vm, id=9576, stack(0x00000000571c0000,0x00000000572c0000)]
  0x0000000056424800 JavaThread "pool-1-thread-1" [_thread_in_native, id=9796, stack(0x0000000056c40000,0x0000000056d40000)]
  0x00000000562fe800 JavaThread "Service Thread" daemon [_thread_blocked, id=5392, stack(0x0000000056d60000,0x0000000056e60000)]
  0x00000000562d2800 JavaThread "C1 CompilerThread2" daemon [_thread_blocked, id=1884, stack(0x00000000567e0000,0x00000000568e0000)]
  0x0000000056285000 JavaThread "C2 CompilerThread1" daemon [_thread_blocked, id=3684, stack(0x0000000056b00000,0x0000000056c00000)]
  0x000000005627a800 JavaThread "C2 CompilerThread0" daemon [_thread_blocked, id=8924, stack(0x0000000056930000,0x0000000056a30000)]
  0x0000000054d4f800 JavaThread "Attach Listener" daemon [_thread_blocked, id=7472, stack(0x0000000055fd0000,0x00000000560d0000)]
  0x0000000054d4e800 JavaThread "Signal Dispatcher" daemon [_thread_blocked, id=10120, stack(0x00000000566d0000,0x00000000567d0000)]
  0x0000000054d2d800 JavaThread "Finalizer" daemon [_thread_blocked, id=8332, stack(0x0000000056170000,0x0000000056270000)]
  0x0000000054ce6800 JavaThread "Reference Handler" daemon [_thread_blocked, id=2340, stack(0x0000000055eb0000,0x0000000055fb0000)]
  0x00000000021be800 JavaThread "main" [_thread_blocked, id=5832, stack(0x0000000002460000,0x0000000002560000)]

Other Threads:
  0x0000000054cdd800 VMThread [stack: 0x0000000055ca0000,0x0000000055da0000] [id=7320]
  0x0000000056328800 WatcherThread [stack: 0x0000000056f40000,0x0000000057040000] [id=9488]

VM state:not at safepoint (normal execution)

VM Mutex/Monitor currently owned by a thread: None

Heap:
 PSYoungGen      total 38400K, used 4660K [0x00000000eab00000, 0x00000000ed580000, 0x0000000100000000)
  eden space 33280K, 14% used [0x00000000eab00000,0x00000000eaf8d120,0x00000000ecb80000)
  from space 5120K, 0% used [0x00000000ed080000,0x00000000ed080000,0x00000000ed580000)
  to   space 5120K, 0% used [0x00000000ecb80000,0x00000000ecb80000,0x00000000ed080000)
 ParOldGen       total 87552K, used 0K [0x00000000c0000000, 0x00000000c5580000, 0x00000000eab00000)
  object space 87552K, 0% used [0x00000000c0000000,0x00000000c0000000,0x00000000c5580000)
 Metaspace       used 3805K, capacity 5008K, committed 5120K, reserved 1056768K
  class space    used 417K, capacity 456K, committed 512K, reserved 1048576K

Card table byte_map: [0x0000000011920000,0x0000000011b30000] byte_map_base: 0x0000000011320000

Marking Bits: (ParMarkBitMap*) 0x000000005f129d00
 Begin Bits: [0x0000000012150000, 0x0000000013150000)
 End Bits:   [0x0000000013150000, 0x0000000014150000)

Polling page: 0x00000000000b0000

CodeCache: size=245760Kb used=1268Kb max_used=1268Kb free=244492Kb
 bounds [0x0000000002560000, 0x00000000027d0000, 0x0000000011560000]
 total_blobs=362 nmethods=109 adapters=167
 compilation: enabled

Compilation events (10 events):
Event: 0.307 Thread 0x00000000562d2800  104       3       java.lang.AbstractStringBuilder::expandCapacity (50 bytes)
Event: 0.307 Thread 0x00000000562d2800 nmethod 104 0x000000000269b4d0 code [0x000000000269b660, 0x000000000269bbb8]
Event: 0.307 Thread 0x00000000562d2800  108       3       java.lang.ClassLoader::checkName (43 bytes)
Event: 0.307 Thread 0x00000000562d2800 nmethod 108 0x000000000269bd90 code [0x000000000269bf40, 0x000000000269c698]
Event: 0.307 Thread 0x00000000562d2800  109       3       sun.misc.VM::allowArraySyntax (4 bytes)
Event: 0.307 Thread 0x00000000562d2800 nmethod 109 0x000000000269c910 code [0x000000000269ca60, 0x000000000269cbb0]
Event: 0.307 Thread 0x00000000562d2800  107   !   3       java.lang.ref.ReferenceQueue::poll (28 bytes)
Event: 0.308 Thread 0x00000000562d2800 nmethod 107 0x000000000269cc10 code [0x000000000269cd80, 0x000000000269d0e8]
Event: 0.308 Thread 0x00000000562d2800  106       1       java.util.zip.ZipCoder::isUTF8 (5 bytes)
Event: 0.308 Thread 0x00000000562d2800 nmethod 106 0x000000000269d210 code [0x000000000269d360, 0x000000000269d470]

GC Heap History (0 events):
No events

Deoptimization events (1 events):
Event: 0.295 Thread 0x00000000021be800 Uncommon trap: reason=unstable_if action=reinterpret pc=0x000000000268fa04 method=java.lang.String.indexOf(II)I @ 49

Internal exceptions (2 events):
Event: 0.022 Thread 0x00000000021be800 Exception <a 'java/lang/NoSuchMethodError': Method sun.misc.Unsafe.defineClass(Ljava/lang/String;[BII)Ljava/lang/Class; name or signature does not match> (0x00000000eab07cc0) thrown at [C:\src\android\AOSP-openjdk\external\jetbrains\jdk\hotspot\src\share\va½7°T—?
Event: 0.023 Thread 0x00000000021be800 Exception <a 'java/lang/NoSuchMethodError': Method sun.misc.Unsafe.prefetchRead(Ljava/lang/Object;J)V name or signature does not match> (0x00000000eab07fa8) thrown at [C:\src\android\AOSP-openjdk\external\jetbrains\jdk\hotspot\src\share\vm\prims\jni.cpp, l

Events (10 events):
Event: 0.304 loading class com/android/dx/rop/cst/CstChar
Event: 0.304 loading class com/android/dx/rop/cst/CstChar done
Event: 0.305 loading class com/android/dx/rop/cst/CstShort
Event: 0.305 loading class com/android/dx/rop/cst/CstShort done
Event: 0.305 loading class com/android/dx/rop/code/TranslationAdvice
Event: 0.305 loading class com/android/dx/rop/code/TranslationAdvice done
Event: 0.305 loading class com/android/dx/dex/code/DalvCode$AssignIndicesCallback
Event: 0.305 loading class com/android/dx/dex/code/DalvCode$AssignIndicesCallback done
Event: 0.306 loading class com/android/dx/cf/code/BytecodeArray$BaseVisitor
Event: 0.306 loading class com/android/dx/cf/code/BytecodeArray$BaseVisitor done


Dynamic libraries:
0x000000013f220000 - 0x000000013f251000 	C:\Program Files\Android\Android Studio\jre\bin\java.exe
0x0000000076f60000 - 0x000000007710a000 	C:\Windows\SYSTEM32\ntdll.dll
0x0000000076e40000 - 0x0000000076f5f000 	C:\Windows\system32\kernel32.dll
0x000007fefcf30000 - 0x000007fefcf9a000 	C:\Windows\system32\KERNELBASE.dll
0x000007fefd270000 - 0x000007fefd34b000 	C:\Windows\system32\ADVAPI32.dll
0x000007fefea40000 - 0x000007fefeadf000 	C:\Windows\system32\msvcrt.dll
0x000007fefed30000 - 0x000007fefed4f000 	C:\Windows\SYSTEM32\sechost.dll
0x000007feff140000 - 0x000007feff26d000 	C:\Windows\system32\RPCRT4.dll
0x0000000076d40000 - 0x0000000076e3a000 	C:\Windows\system32\USER32.dll
0x000007fefd940000 - 0x000007fefd9a7000 	C:\Windows\system32\GDI32.dll
0x000007fefdae0000 - 0x000007fefdaee000 	C:\Windows\system32\LPK.dll
0x000007fefd9b0000 - 0x000007fefda7a000 	C:\Windows\system32\USP10.dll
0x000007fefb830000 - 0x000007fefba24000 	C:\Windows\WinSxS\amd64_microsoft.windows.common-controls_6595b64144ccf1df_6.0.7601.18837_none_fa3b1e3d17594757\COMCTL32.dll
0x000007feff090000 - 0x000007feff101000 	C:\Windows\system32\SHLWAPI.dll
0x000007fefdaf0000 - 0x000007fefdb1e000 	C:\Windows\system32\IMM32.DLL
0x000007fefed50000 - 0x000007fefee59000 	C:\Windows\system32\MSCTF.dll
0x00000000706d0000 - 0x00000000707a2000 	C:\Program Files\Android\Android Studio\jre\jre\bin\msvcr100.dll
0x000000005e970000 - 0x000000005f1a4000 	C:\Program Files\Android\Android Studio\jre\jre\bin\server\jvm.dll
0x000007fef8fe0000 - 0x000007fef8fe9000 	C:\Windows\system32\WSOCK32.dll
0x000007fefee60000 - 0x000007fefeead000 	C:\Windows\system32\WS2_32.dll
0x000007feff130000 - 0x000007feff138000 	C:\Windows\system32\NSI.dll
0x000007fefa530000 - 0x000007fefa56b000 	C:\Windows\system32\WINMM.dll
0x000007fefbfa0000 - 0x000007fefbfac000 	C:\Windows\system32\VERSION.dll
0x0000000077120000 - 0x0000000077127000 	C:\Windows\system32\PSAPI.DLL
0x000007fef53c0000 - 0x000007fef53cf000 	C:\Program Files\Android\Android Studio\jre\jre\bin\verify.dll
0x000007fef5390000 - 0x000007fef53b9000 	C:\Program Files\Android\Android Studio\jre\jre\bin\java.dll
0x000007fef5370000 - 0x000007fef5386000 	C:\Program Files\Android\Android Studio\jre\jre\bin\zip.dll
0x000007fefdcb0000 - 0x000007fefea39000 	C:\Windows\system32\SHELL32.dll
0x000007fefd5b0000 - 0x000007fefd7b3000 	C:\Windows\system32\ole32.dll
0x000007fefce60000 - 0x000007fefce6f000 	C:\Windows\system32\profapi.dll

VM Arguments:
jvm_args: -Djava.awt.headless=true -Xmx1024M -Dfile.encoding=GBK -Duser.country=CN -Duser.language=zh -Duser.variant 
java_command: com.android.dx.command.Main --dex --num-threads=4 --output G:\GIT\DakaiNote_Source\app\build\intermediates\pre-dexed\release\ShareSDK-ShortMessage-2.7.8_e97efa77617f991410d29c25a52bcc92eff1525f.jar G:\GIT\DakaiNote_Source\app\libs\ShareSDK-ShortMessage-2.7.8.jar
java_class_path (initial): E:\SDK\build-tools\23.0.2\lib\dx.jar
Launcher Type: SUN_STANDARD

Environment Variables:
JAVA_HOME=C:\Program Files\Java\jdk1.8.0_73
CLASSPATH=.;C:\Program Files\Java\jdk1.8.0_73\lib;C:\Program Files\Java\jdk1.8.0_73\lib\tools.jar
PATH=D:\MyPython\;D:\MyPython\Scripts;C:\ProgramData\Oracle\Java\javapath;C:\Windows\system32;C:\Windows;C:\Windows\System32\Wbem;C:\Windows\System32\WindowsPowerShell\v1.0\;C:\Program Files (x86)\Common Files\microsoft shared\TigerKin;C:\Program Files (x86)\NVIDIA Corporation\PhysX\Common;C:\Program Files (x86)\Common Files\microsoft shared\TigerKin;C:\Program Files\Java\jdk1.8.0_73\bin;C:\Program Files\Java\jdk1.8.0_73\jre\bin;C:\Users\admin\AppData\Local\Android\sdk\platform-tools;C:\Users\admin\AppData\Local\Programs\Python\Python35\Scripts\;C:\Users\admin\AppData\Local\Programs\Python\Python35\
USERNAME=admin
OS=Windows_NT
PROCESSOR_IDENTIFIER=Intel64 Family 6 Model 60 Stepping 3, GenuineIntel



---------------  S Y S T E M  ---------------

OS: Windows 7 , 64 bit Build 7601 (6.1.7601.23543)

CPU:total 4 (4 cores per cpu, 1 threads per core) family 6 model 60 stepping 3, cmov, cx8, fxsr, mmx, sse, sse2, sse3, ssse3, sse4.1, sse4.2, popcnt, avx, avx2, aes, clmul, erms, rtm, lzcnt, tsc, tscinvbit, bmi1, bmi2

Memory: 4k page, physical 8353940k(1569476k free), swap 9400656k(5040k free)

vm_info: OpenJDK 64-Bit Server VM (25.76-b03) for windows-amd64 JRE (1.8.0_76-release-b03), built on Jun 29 2016 19:09:20 by "ralucas" with MS VC++ 10.0 (VS2010)

time: Sun Nov 06 23:14:54 2016
elapsed time: 0 seconds (0d 0h 0m 0s)

